<?xml version="1.0" encoding="UTF-8"?>
<testng-results skipped="0" failed="0" total="2" passed="2">
  <reporter-output>
  </reporter-output>
  <suite name="NodeManagementSuite" duration-ms="9129" started-at="2014-07-08T00:46:33Z" finished-at="2014-07-08T00:46:42Z">
    <groups>
    </groups>
    <test name="nimbus" duration-ms="9129" started-at="2014-07-08T00:46:33Z" finished-at="2014-07-08T00:46:42Z">
      <class name="org.globus.workspace.testing.suites.basic.NodeManagementSuite">
        <test-method status="PASS" signature="springTestContextBeforeTestClass()" name="springTestContextBeforeTestClass" is-config="true" duration-ms="10" started-at="2014-07-08T00:46:33Z" finished-at="2014-07-08T00:46:33Z">
        </test-method>
        <test-method status="PASS" signature="springTestContextPrepareTestInstance()" name="springTestContextPrepareTestInstance" is-config="true" duration-ms="7425" started-at="2014-07-08T00:46:33Z" finished-at="2014-07-08T00:46:41Z">
        </test-method>
        <test-method status="PASS" signature="springTestContextBeforeTestMethod(java.lang.reflect.Method)" name="springTestContextBeforeTestMethod" is-config="true" duration-ms="44" started-at="2014-07-08T00:46:41Z" finished-at="2014-07-08T00:46:41Z">
          <params>
            <param index="0">
              <value>
                <![CDATA[public void org.globus.workspace.testing.suites.basic.NodeManagementSuite.badNetworkMemoryFreed() throws java.lang.Exception]]>
              </value>
            </param>
          </params>
        </test-method>
        <test-method status="PASS" signature="badNetworkMemoryFreed()" name="badNetworkMemoryFreed" duration-ms="47" started-at="2014-07-08T00:46:41Z" finished-at="2014-07-08T00:46:41Z">
        </test-method>
        <test-method status="PASS" signature="springTestContextAfterTestMethod(java.lang.reflect.Method)" name="springTestContextAfterTestMethod" is-config="true" duration-ms="441" started-at="2014-07-08T00:46:41Z" finished-at="2014-07-08T00:46:41Z">
          <params>
            <param index="0">
              <value>
                <![CDATA[public void org.globus.workspace.testing.suites.basic.NodeManagementSuite.badNetworkMemoryFreed() throws java.lang.Exception]]>
              </value>
            </param>
          </params>
        </test-method>
        <test-method status="PASS" signature="springTestContextBeforeTestMethod(java.lang.reflect.Method)" name="springTestContextBeforeTestMethod" is-config="true" duration-ms="907" started-at="2014-07-08T00:46:41Z" finished-at="2014-07-08T00:46:42Z">
          <params>
            <param index="0">
              <value>
                <![CDATA[public void org.globus.workspace.testing.suites.basic.NodeManagementSuite.memoryFreed() throws java.lang.Exception]]>
              </value>
            </param>
          </params>
        </test-method>
        <test-method status="PASS" signature="memoryFreed()" name="memoryFreed" duration-ms="53" started-at="2014-07-08T00:46:42Z" finished-at="2014-07-08T00:46:42Z">
        </test-method>
        <test-method status="PASS" signature="springTestContextAfterTestMethod(java.lang.reflect.Method)" name="springTestContextAfterTestMethod" is-config="true" duration-ms="192" started-at="2014-07-08T00:46:42Z" finished-at="2014-07-08T00:46:42Z">
          <params>
            <param index="0">
              <value>
                <![CDATA[public void org.globus.workspace.testing.suites.basic.NodeManagementSuite.memoryFreed() throws java.lang.Exception]]>
              </value>
            </param>
          </params>
        </test-method>
        <test-method status="PASS" signature="springTestContextAfterTestClass()" name="springTestContextAfterTestClass" is-config="true" duration-ms="1" started-at="2014-07-08T00:46:42Z" finished-at="2014-07-08T00:46:42Z">
        </test-method>
        <test-method status="PASS" signature="suiteTeardown()" name="suiteTeardown" is-config="true" duration-ms="19" started-at="2014-07-08T00:46:42Z" finished-at="2014-07-08T00:46:42Z">
        </test-method>
      </class>
    </test>
  </suite>
</testng-results>
