<?xml version="1.0" encoding="UTF-8"?>
<testng-results skipped="0" failed="0" total="2" passed="2">
  <reporter-output>
  </reporter-output>
  <suite name="NoResourcesSISuite" duration-ms="10970" started-at="2014-08-05T20:30:38Z" finished-at="2014-08-05T20:30:49Z">
    <groups>
    </groups>
    <test name="nimbus" duration-ms="10970" started-at="2014-08-05T20:30:38Z" finished-at="2014-08-05T20:30:49Z">
      <class name="org.globus.workspace.testing.suites.spotinstances.NoResourcesSISuite">
        <test-method status="PASS" signature="springTestContextBeforeTestClass()" name="springTestContextBeforeTestClass" is-config="true" duration-ms="10" started-at="2014-08-05T20:30:38Z" finished-at="2014-08-05T20:30:38Z">
        </test-method>
        <test-method status="PASS" signature="springTestContextPrepareTestInstance()" name="springTestContextPrepareTestInstance" is-config="true" duration-ms="8409" started-at="2014-08-05T20:30:38Z" finished-at="2014-08-05T20:30:46Z">
        </test-method>
        <test-method status="PASS" signature="springTestContextBeforeTestMethod(java.lang.reflect.Method)" name="springTestContextBeforeTestMethod" is-config="true" duration-ms="18" started-at="2014-08-05T20:30:46Z" finished-at="2014-08-05T20:30:46Z">
          <params>
            <param index="0">
              <value>
                <![CDATA[public void org.globus.workspace.testing.suites.spotinstances.NoResourcesSISuite.multipleRequests() throws java.lang.Exception]]>
              </value>
            </param>
          </params>
        </test-method>
        <test-method status="PASS" signature="multipleRequests()" name="multipleRequests" duration-ms="653" started-at="2014-08-05T20:30:46Z" finished-at="2014-08-05T20:30:47Z">
        </test-method>
        <test-method status="PASS" signature="springTestContextAfterTestMethod(java.lang.reflect.Method)" name="springTestContextAfterTestMethod" is-config="true" duration-ms="465" started-at="2014-08-05T20:30:47Z" finished-at="2014-08-05T20:30:47Z">
          <params>
            <param index="0">
              <value>
                <![CDATA[public void org.globus.workspace.testing.suites.spotinstances.NoResourcesSISuite.multipleRequests() throws java.lang.Exception]]>
              </value>
            </param>
          </params>
        </test-method>
        <test-method status="PASS" signature="springTestContextBeforeTestMethod(java.lang.reflect.Method)" name="springTestContextBeforeTestMethod" is-config="true" duration-ms="981" started-at="2014-08-05T20:30:47Z" finished-at="2014-08-05T20:30:48Z">
          <params>
            <param index="0">
              <value>
                <![CDATA[public void org.globus.workspace.testing.suites.spotinstances.NoResourcesSISuite.singleRequest() throws java.lang.Exception]]>
              </value>
            </param>
          </params>
        </test-method>
        <test-method status="PASS" signature="singleRequest()" name="singleRequest" duration-ms="232" started-at="2014-08-05T20:30:48Z" finished-at="2014-08-05T20:30:49Z">
        </test-method>
        <test-method status="PASS" signature="springTestContextAfterTestMethod(java.lang.reflect.Method)" name="springTestContextAfterTestMethod" is-config="true" duration-ms="191" started-at="2014-08-05T20:30:49Z" finished-at="2014-08-05T20:30:49Z">
          <params>
            <param index="0">
              <value>
                <![CDATA[public void org.globus.workspace.testing.suites.spotinstances.NoResourcesSISuite.singleRequest() throws java.lang.Exception]]>
              </value>
            </param>
          </params>
        </test-method>
        <test-method status="PASS" signature="springTestContextAfterTestClass()" name="springTestContextAfterTestClass" is-config="true" duration-ms="0" started-at="2014-08-05T20:30:49Z" finished-at="2014-08-05T20:30:49Z">
        </test-method>
        <test-method status="PASS" signature="suiteTeardown()" name="suiteTeardown" is-config="true" duration-ms="21" started-at="2014-08-05T20:30:49Z" finished-at="2014-08-05T20:30:49Z">
        </test-method>
      </class>
    </test>
  </suite>
</testng-results>
