<?xml version="1.0" encoding="UTF-8"?>
<testng-results skipped="0" failed="0" total="2" passed="2">
  <reporter-output>
  </reporter-output>
  <suite name="SimpleSISuite" duration-ms="19243" started-at="2014-07-08T01:01:16Z" finished-at="2014-07-08T01:01:35Z">
    <groups>
    </groups>
    <test name="nimbus" duration-ms="19243" started-at="2014-07-08T01:01:16Z" finished-at="2014-07-08T01:01:35Z">
      <class name="org.globus.workspace.testing.suites.spotinstances.SimpleSISuite">
        <test-method status="PASS" signature="springTestContextBeforeTestClass()" name="springTestContextBeforeTestClass" is-config="true" duration-ms="9" started-at="2014-07-08T01:01:16Z" finished-at="2014-07-08T01:01:16Z">
        </test-method>
        <test-method status="PASS" signature="springTestContextPrepareTestInstance()" name="springTestContextPrepareTestInstance" is-config="true" duration-ms="8092" started-at="2014-07-08T01:01:16Z" finished-at="2014-07-08T01:01:24Z">
        </test-method>
        <test-method status="PASS" signature="springTestContextBeforeTestMethod(java.lang.reflect.Method)" name="springTestContextBeforeTestMethod" is-config="true" duration-ms="97" started-at="2014-07-08T01:01:24Z" finished-at="2014-07-08T01:01:24Z">
          <params>
            <param index="0">
              <value>
                <![CDATA[public void org.globus.workspace.testing.suites.spotinstances.SimpleSISuite.simpleBackfillPreemptionTest() throws java.lang.Exception]]>
              </value>
            </param>
          </params>
        </test-method>
        <test-method status="PASS" signature="simpleBackfillPreemptionTest()" name="simpleBackfillPreemptionTest" duration-ms="7117" started-at="2014-07-08T01:01:24Z" finished-at="2014-07-08T01:01:31Z">
        </test-method>
        <test-method status="PASS" signature="springTestContextAfterTestMethod(java.lang.reflect.Method)" name="springTestContextAfterTestMethod" is-config="true" duration-ms="432" started-at="2014-07-08T01:01:31Z" finished-at="2014-07-08T01:01:32Z">
          <params>
            <param index="0">
              <value>
                <![CDATA[public void org.globus.workspace.testing.suites.spotinstances.SimpleSISuite.simpleBackfillPreemptionTest() throws java.lang.Exception]]>
              </value>
            </param>
          </params>
        </test-method>
        <test-method status="PASS" signature="springTestContextBeforeTestMethod(java.lang.reflect.Method)" name="springTestContextBeforeTestMethod" is-config="true" duration-ms="882" started-at="2014-07-08T01:01:32Z" finished-at="2014-07-08T01:01:33Z">
          <params>
            <param index="0">
              <value>
                <![CDATA[public void org.globus.workspace.testing.suites.spotinstances.SimpleSISuite.simpleBackfillTest() throws java.lang.Exception]]>
              </value>
            </param>
          </params>
        </test-method>
        <test-method status="PASS" signature="simpleBackfillTest()" name="simpleBackfillTest" duration-ms="2418" started-at="2014-07-08T01:01:33Z" finished-at="2014-07-08T01:01:35Z">
        </test-method>
        <test-method status="PASS" signature="springTestContextAfterTestMethod(java.lang.reflect.Method)" name="springTestContextAfterTestMethod" is-config="true" duration-ms="189" started-at="2014-07-08T01:01:35Z" finished-at="2014-07-08T01:01:35Z">
          <params>
            <param index="0">
              <value>
                <![CDATA[public void org.globus.workspace.testing.suites.spotinstances.SimpleSISuite.simpleBackfillTest() throws java.lang.Exception]]>
              </value>
            </param>
          </params>
        </test-method>
        <test-method status="PASS" signature="springTestContextAfterTestClass()" name="springTestContextAfterTestClass" is-config="true" duration-ms="1" started-at="2014-07-08T01:01:35Z" finished-at="2014-07-08T01:01:35Z">
        </test-method>
        <test-method status="PASS" signature="suiteTeardown()" name="suiteTeardown" is-config="true" duration-ms="19" started-at="2014-07-08T01:01:35Z" finished-at="2014-07-08T01:01:35Z">
        </test-method>
      </class>
    </test>
  </suite>
</testng-results>
