<?xml version="1.0" encoding="UTF-8"?>
<testng-results skipped="0" failed="0" total="10" passed="10">
  <reporter-output>
  </reporter-output>
  <suite name="ParallelIdempotentCreationSuite" duration-ms="6829" started-at="2014-07-03T19:19:33Z" finished-at="2014-07-03T19:19:40Z">
    <groups>
    </groups>
    <test name="nimbus" duration-ms="6829" started-at="2014-07-03T19:19:33Z" finished-at="2014-07-03T19:19:40Z">
      <class name="org.globus.workspace.testing.suites.basic.ParallelIdempotentCreationSuite">
        <test-method status="PASS" signature="springTestContextBeforeTestClass()" name="springTestContextBeforeTestClass" is-config="true" duration-ms="7" started-at="2014-07-03T19:19:33Z" finished-at="2014-07-03T19:19:33Z">
        </test-method>
        <test-method status="PASS" signature="springTestContextPrepareTestInstance()" name="springTestContextPrepareTestInstance" is-config="true" duration-ms="6553" started-at="2014-07-03T19:19:33Z" finished-at="2014-07-03T19:19:40Z">
        </test-method>
        <test-method status="PASS" signature="springTestContextBeforeTestMethod(java.lang.reflect.Method)" name="springTestContextBeforeTestMethod" is-config="true" duration-ms="145" started-at="2014-07-03T19:19:40Z" finished-at="2014-07-03T19:19:40Z">
          <params>
            <param index="0">
              <value>
                <![CDATA[public void org.globus.workspace.testing.suites.basic.ParallelIdempotentCreationSuite.parallelIdempotencyTest() throws java.lang.Exception]]>
              </value>
            </param>
          </params>
        </test-method>
        <test-method status="PASS" signature="springTestContextBeforeTestMethod(java.lang.reflect.Method)" name="springTestContextBeforeTestMethod" is-config="true" duration-ms="152" started-at="2014-07-03T19:19:40Z" finished-at="2014-07-03T19:19:40Z">
          <params>
            <param index="0">
              <value>
                <![CDATA[public void org.globus.workspace.testing.suites.basic.ParallelIdempotentCreationSuite.parallelIdempotencyTest() throws java.lang.Exception]]>
              </value>
            </param>
          </params>
        </test-method>
        <test-method status="PASS" signature="springTestContextBeforeTestMethod(java.lang.reflect.Method)" name="springTestContextBeforeTestMethod" is-config="true" duration-ms="158" started-at="2014-07-03T19:19:40Z" finished-at="2014-07-03T19:19:40Z">
          <params>
            <param index="0">
              <value>
                <![CDATA[public void org.globus.workspace.testing.suites.basic.ParallelIdempotentCreationSuite.parallelIdempotencyTest() throws java.lang.Exception]]>
              </value>
            </param>
          </params>
        </test-method>
        <test-method status="PASS" signature="springTestContextBeforeTestMethod(java.lang.reflect.Method)" name="springTestContextBeforeTestMethod" is-config="true" duration-ms="175" started-at="2014-07-03T19:19:40Z" finished-at="2014-07-03T19:19:40Z">
          <params>
            <param index="0">
              <value>
                <![CDATA[public void org.globus.workspace.testing.suites.basic.ParallelIdempotentCreationSuite.parallelIdempotencyTest() throws java.lang.Exception]]>
              </value>
            </param>
          </params>
        </test-method>
        <test-method status="PASS" signature="springTestContextBeforeTestMethod(java.lang.reflect.Method)" name="springTestContextBeforeTestMethod" is-config="true" duration-ms="135" started-at="2014-07-03T19:19:40Z" finished-at="2014-07-03T19:19:40Z">
          <params>
            <param index="0">
              <value>
                <![CDATA[public void org.globus.workspace.testing.suites.basic.ParallelIdempotentCreationSuite.parallelIdempotencyTest() throws java.lang.Exception]]>
              </value>
            </param>
          </params>
        </test-method>
        <test-method status="PASS" signature="springTestContextBeforeTestMethod(java.lang.reflect.Method)" name="springTestContextBeforeTestMethod" is-config="true" duration-ms="214" started-at="2014-07-03T19:19:40Z" finished-at="2014-07-03T19:19:40Z">
          <params>
            <param index="0">
              <value>
                <![CDATA[public void org.globus.workspace.testing.suites.basic.ParallelIdempotentCreationSuite.parallelIdempotencyTest() throws java.lang.Exception]]>
              </value>
            </param>
          </params>
        </test-method>
        <test-method status="PASS" signature="springTestContextBeforeTestMethod(java.lang.reflect.Method)" name="springTestContextBeforeTestMethod" is-config="true" duration-ms="200" started-at="2014-07-03T19:19:40Z" finished-at="2014-07-03T19:19:40Z">
          <params>
            <param index="0">
              <value>
                <![CDATA[public void org.globus.workspace.testing.suites.basic.ParallelIdempotentCreationSuite.parallelIdempotencyTest() throws java.lang.Exception]]>
              </value>
            </param>
          </params>
        </test-method>
        <test-method status="PASS" signature="springTestContextBeforeTestMethod(java.lang.reflect.Method)" name="springTestContextBeforeTestMethod" is-config="true" duration-ms="193" started-at="2014-07-03T19:19:40Z" finished-at="2014-07-03T19:19:40Z">
          <params>
            <param index="0">
              <value>
                <![CDATA[public void org.globus.workspace.testing.suites.basic.ParallelIdempotentCreationSuite.parallelIdempotencyTest() throws java.lang.Exception]]>
              </value>
            </param>
          </params>
        </test-method>
        <test-method status="PASS" signature="springTestContextBeforeTestMethod(java.lang.reflect.Method)" name="springTestContextBeforeTestMethod" is-config="true" duration-ms="166" started-at="2014-07-03T19:19:40Z" finished-at="2014-07-03T19:19:40Z">
          <params>
            <param index="0">
              <value>
                <![CDATA[public void org.globus.workspace.testing.suites.basic.ParallelIdempotentCreationSuite.parallelIdempotencyTest() throws java.lang.Exception]]>
              </value>
            </param>
          </params>
        </test-method>
        <test-method status="PASS" signature="springTestContextBeforeTestMethod(java.lang.reflect.Method)" name="springTestContextBeforeTestMethod" is-config="true" duration-ms="204" started-at="2014-07-03T19:19:40Z" finished-at="2014-07-03T19:19:40Z">
          <params>
            <param index="0">
              <value>
                <![CDATA[public void org.globus.workspace.testing.suites.basic.ParallelIdempotentCreationSuite.parallelIdempotencyTest() throws java.lang.Exception]]>
              </value>
            </param>
          </params>
        </test-method>
        <test-method status="PASS" signature="parallelIdempotencyTest()" name="parallelIdempotencyTest" duration-ms="109" started-at="2014-07-03T19:19:40Z" finished-at="2014-07-03T19:19:40Z">
        </test-method>
        <test-method status="PASS" signature="parallelIdempotencyTest()" name="parallelIdempotencyTest" duration-ms="99" started-at="2014-07-03T19:19:40Z" finished-at="2014-07-03T19:19:40Z">
        </test-method>
        <test-method status="PASS" signature="parallelIdempotencyTest()" name="parallelIdempotencyTest" duration-ms="93" started-at="2014-07-03T19:19:40Z" finished-at="2014-07-03T19:19:40Z">
        </test-method>
        <test-method status="PASS" signature="parallelIdempotencyTest()" name="parallelIdempotencyTest" duration-ms="88" started-at="2014-07-03T19:19:40Z" finished-at="2014-07-03T19:19:40Z">
        </test-method>
        <test-method status="PASS" signature="parallelIdempotencyTest()" name="parallelIdempotencyTest" duration-ms="81" started-at="2014-07-03T19:19:40Z" finished-at="2014-07-03T19:19:40Z">
        </test-method>
        <test-method status="PASS" signature="parallelIdempotencyTest()" name="parallelIdempotencyTest" duration-ms="74" started-at="2014-07-03T19:19:40Z" finished-at="2014-07-03T19:19:40Z">
        </test-method>
        <test-method status="PASS" signature="parallelIdempotencyTest()" name="parallelIdempotencyTest" duration-ms="56" started-at="2014-07-03T19:19:40Z" finished-at="2014-07-03T19:19:40Z">
        </test-method>
        <test-method status="PASS" signature="parallelIdempotencyTest()" name="parallelIdempotencyTest" duration-ms="50" started-at="2014-07-03T19:19:40Z" finished-at="2014-07-03T19:19:40Z">
        </test-method>
        <test-method status="PASS" signature="parallelIdempotencyTest()" name="parallelIdempotencyTest" duration-ms="47" started-at="2014-07-03T19:19:40Z" finished-at="2014-07-03T19:19:40Z">
        </test-method>
        <test-method status="PASS" signature="parallelIdempotencyTest()" name="parallelIdempotencyTest" duration-ms="38" started-at="2014-07-03T19:19:40Z" finished-at="2014-07-03T19:19:40Z">
        </test-method>
        <test-method status="PASS" signature="springTestContextAfterTestMethod(java.lang.reflect.Method)" name="springTestContextAfterTestMethod" is-config="true" duration-ms="1" started-at="2014-07-03T19:19:40Z" finished-at="2014-07-03T19:19:40Z">
          <params>
            <param index="0">
              <value>
                <![CDATA[public void org.globus.workspace.testing.suites.basic.ParallelIdempotentCreationSuite.parallelIdempotencyTest() throws java.lang.Exception]]>
              </value>
            </param>
          </params>
        </test-method>
        <test-method status="PASS" signature="springTestContextAfterTestMethod(java.lang.reflect.Method)" name="springTestContextAfterTestMethod" is-config="true" duration-ms="1" started-at="2014-07-03T19:19:40Z" finished-at="2014-07-03T19:19:40Z">
          <params>
            <param index="0">
              <value>
                <![CDATA[public void org.globus.workspace.testing.suites.basic.ParallelIdempotentCreationSuite.parallelIdempotencyTest() throws java.lang.Exception]]>
              </value>
            </param>
          </params>
        </test-method>
        <test-method status="PASS" signature="springTestContextAfterTestMethod(java.lang.reflect.Method)" name="springTestContextAfterTestMethod" is-config="true" duration-ms="0" started-at="2014-07-03T19:19:40Z" finished-at="2014-07-03T19:19:40Z">
          <params>
            <param index="0">
              <value>
                <![CDATA[public void org.globus.workspace.testing.suites.basic.ParallelIdempotentCreationSuite.parallelIdempotencyTest() throws java.lang.Exception]]>
              </value>
            </param>
          </params>
        </test-method>
        <test-method status="PASS" signature="springTestContextAfterTestMethod(java.lang.reflect.Method)" name="springTestContextAfterTestMethod" is-config="true" duration-ms="0" started-at="2014-07-03T19:19:40Z" finished-at="2014-07-03T19:19:40Z">
          <params>
            <param index="0">
              <value>
                <![CDATA[public void org.globus.workspace.testing.suites.basic.ParallelIdempotentCreationSuite.parallelIdempotencyTest() throws java.lang.Exception]]>
              </value>
            </param>
          </params>
        </test-method>
        <test-method status="PASS" signature="springTestContextAfterTestMethod(java.lang.reflect.Method)" name="springTestContextAfterTestMethod" is-config="true" duration-ms="0" started-at="2014-07-03T19:19:40Z" finished-at="2014-07-03T19:19:40Z">
          <params>
            <param index="0">
              <value>
                <![CDATA[public void org.globus.workspace.testing.suites.basic.ParallelIdempotentCreationSuite.parallelIdempotencyTest() throws java.lang.Exception]]>
              </value>
            </param>
          </params>
        </test-method>
        <test-method status="PASS" signature="springTestContextAfterTestMethod(java.lang.reflect.Method)" name="springTestContextAfterTestMethod" is-config="true" duration-ms="0" started-at="2014-07-03T19:19:40Z" finished-at="2014-07-03T19:19:40Z">
          <params>
            <param index="0">
              <value>
                <![CDATA[public void org.globus.workspace.testing.suites.basic.ParallelIdempotentCreationSuite.parallelIdempotencyTest() throws java.lang.Exception]]>
              </value>
            </param>
          </params>
        </test-method>
        <test-method status="PASS" signature="springTestContextAfterTestMethod(java.lang.reflect.Method)" name="springTestContextAfterTestMethod" is-config="true" duration-ms="0" started-at="2014-07-03T19:19:40Z" finished-at="2014-07-03T19:19:40Z">
          <params>
            <param index="0">
              <value>
                <![CDATA[public void org.globus.workspace.testing.suites.basic.ParallelIdempotentCreationSuite.parallelIdempotencyTest() throws java.lang.Exception]]>
              </value>
            </param>
          </params>
        </test-method>
        <test-method status="PASS" signature="springTestContextAfterTestMethod(java.lang.reflect.Method)" name="springTestContextAfterTestMethod" is-config="true" duration-ms="0" started-at="2014-07-03T19:19:40Z" finished-at="2014-07-03T19:19:40Z">
          <params>
            <param index="0">
              <value>
                <![CDATA[public void org.globus.workspace.testing.suites.basic.ParallelIdempotentCreationSuite.parallelIdempotencyTest() throws java.lang.Exception]]>
              </value>
            </param>
          </params>
        </test-method>
        <test-method status="PASS" signature="springTestContextAfterTestMethod(java.lang.reflect.Method)" name="springTestContextAfterTestMethod" is-config="true" duration-ms="0" started-at="2014-07-03T19:19:40Z" finished-at="2014-07-03T19:19:40Z">
          <params>
            <param index="0">
              <value>
                <![CDATA[public void org.globus.workspace.testing.suites.basic.ParallelIdempotentCreationSuite.parallelIdempotencyTest() throws java.lang.Exception]]>
              </value>
            </param>
          </params>
        </test-method>
        <test-method status="PASS" signature="springTestContextAfterTestMethod(java.lang.reflect.Method)" name="springTestContextAfterTestMethod" is-config="true" duration-ms="0" started-at="2014-07-03T19:19:40Z" finished-at="2014-07-03T19:19:40Z">
          <params>
            <param index="0">
              <value>
                <![CDATA[public void org.globus.workspace.testing.suites.basic.ParallelIdempotentCreationSuite.parallelIdempotencyTest() throws java.lang.Exception]]>
              </value>
            </param>
          </params>
        </test-method>
        <test-method status="PASS" signature="springTestContextAfterTestClass()" name="springTestContextAfterTestClass" is-config="true" duration-ms="5" started-at="2014-07-03T19:19:40Z" finished-at="2014-07-03T19:19:40Z">
        </test-method>
        <test-method status="PASS" signature="suiteTeardown()" name="suiteTeardown" is-config="true" duration-ms="24" started-at="2014-07-03T19:19:40Z" finished-at="2014-07-03T19:19:40Z">
        </test-method>
      </class>
    </test>
  </suite>
</testng-results>
