<?xml version="1.0" encoding="UTF-8"?>
<testng-results skipped="0" failed="0" total="3" passed="3">
  <reporter-output>
  </reporter-output>
  <suite name="SingleResourcePoolSISuite" duration-ms="296079" started-at="2014-07-08T00:36:57Z" finished-at="2014-07-08T00:41:53Z">
    <groups>
    </groups>
    <test name="nimbus" duration-ms="296079" started-at="2014-07-08T00:36:57Z" finished-at="2014-07-08T00:41:53Z">
      <class name="org.globus.workspace.testing.suites.spotinstances.SingleResourcePoolSISuite">
        <test-method status="PASS" signature="springTestContextBeforeTestClass()" name="springTestContextBeforeTestClass" is-config="true" duration-ms="7" started-at="2014-07-08T00:36:57Z" finished-at="2014-07-08T00:36:57Z">
        </test-method>
        <test-method status="PASS" signature="springTestContextPrepareTestInstance()" name="springTestContextPrepareTestInstance" is-config="true" duration-ms="7169" started-at="2014-07-08T00:36:57Z" finished-at="2014-07-08T00:37:04Z">
        </test-method>
        <test-method status="PASS" signature="springTestContextBeforeTestMethod(java.lang.reflect.Method)" name="springTestContextBeforeTestMethod" is-config="true" duration-ms="61" started-at="2014-07-08T00:37:04Z" finished-at="2014-07-08T00:37:04Z">
          <params>
            <param index="0">
              <value>
                <![CDATA[public void org.globus.workspace.testing.suites.spotinstances.SingleResourcePoolSISuite.mixedSIandWSrequests() throws java.lang.Exception]]>
              </value>
            </param>
          </params>
        </test-method>
        <test-method status="PASS" signature="mixedSIandWSrequests()" name="mixedSIandWSrequests" duration-ms="94967" started-at="2014-07-08T00:37:04Z" finished-at="2014-07-08T00:38:39Z">
        </test-method>
        <test-method status="PASS" signature="springTestContextAfterTestMethod(java.lang.reflect.Method)" name="springTestContextAfterTestMethod" is-config="true" duration-ms="308" started-at="2014-07-08T00:38:39Z" finished-at="2014-07-08T00:38:39Z">
          <params>
            <param index="0">
              <value>
                <![CDATA[public void org.globus.workspace.testing.suites.spotinstances.SingleResourcePoolSISuite.mixedSIandWSrequests() throws java.lang.Exception]]>
              </value>
            </param>
          </params>
        </test-method>
        <test-method status="PASS" signature="springTestContextBeforeTestMethod(java.lang.reflect.Method)" name="springTestContextBeforeTestMethod" is-config="true" duration-ms="707" started-at="2014-07-08T00:38:39Z" finished-at="2014-07-08T00:38:40Z">
          <params>
            <param index="0">
              <value>
                <![CDATA[public void org.globus.workspace.testing.suites.spotinstances.SingleResourcePoolSISuite.multipleSIRequestsOnly() throws java.lang.Exception]]>
              </value>
            </param>
          </params>
        </test-method>
        <test-method status="PASS" signature="multipleSIRequestsOnly()" name="multipleSIRequestsOnly" duration-ms="114384" started-at="2014-07-08T00:38:40Z" finished-at="2014-07-08T00:40:34Z">
        </test-method>
        <test-method status="PASS" signature="springTestContextAfterTestMethod(java.lang.reflect.Method)" name="springTestContextAfterTestMethod" is-config="true" duration-ms="162" started-at="2014-07-08T00:40:34Z" finished-at="2014-07-08T00:40:34Z">
          <params>
            <param index="0">
              <value>
                <![CDATA[public void org.globus.workspace.testing.suites.spotinstances.SingleResourcePoolSISuite.multipleSIRequestsOnly() throws java.lang.Exception]]>
              </value>
            </param>
          </params>
        </test-method>
        <test-method status="PASS" signature="springTestContextBeforeTestMethod(java.lang.reflect.Method)" name="springTestContextBeforeTestMethod" is-config="true" duration-ms="716" started-at="2014-07-08T00:40:34Z" finished-at="2014-07-08T00:40:35Z">
          <params>
            <param index="0">
              <value>
                <![CDATA[public void org.globus.workspace.testing.suites.spotinstances.SingleResourcePoolSISuite.singleRequest() throws java.lang.Exception]]>
              </value>
            </param>
          </params>
        </test-method>
        <test-method status="PASS" signature="singleRequest()" name="singleRequest" duration-ms="77506" started-at="2014-07-08T00:40:35Z" finished-at="2014-07-08T00:41:53Z">
        </test-method>
        <test-method status="PASS" signature="springTestContextAfterTestMethod(java.lang.reflect.Method)" name="springTestContextAfterTestMethod" is-config="true" duration-ms="84" started-at="2014-07-08T00:41:53Z" finished-at="2014-07-08T00:41:53Z">
          <params>
            <param index="0">
              <value>
                <![CDATA[public void org.globus.workspace.testing.suites.spotinstances.SingleResourcePoolSISuite.singleRequest() throws java.lang.Exception]]>
              </value>
            </param>
          </params>
        </test-method>
        <test-method status="PASS" signature="springTestContextAfterTestClass()" name="springTestContextAfterTestClass" is-config="true" duration-ms="0" started-at="2014-07-08T00:41:53Z" finished-at="2014-07-08T00:41:53Z">
        </test-method>
        <test-method status="PASS" signature="suiteTeardown()" name="suiteTeardown" is-config="true" duration-ms="20" started-at="2014-07-08T00:41:53Z" finished-at="2014-07-08T00:41:53Z">
        </test-method>
      </class>
    </test>
  </suite>
</testng-results>
