<?xml version="1.0" encoding="UTF-8"?>
<testng-results skipped="0" failed="0" total="2" passed="2">
  <reporter-output>
  </reporter-output>
  <suite name="BasicSuite" duration-ms="9673" started-at="2014-07-08T00:45:41Z" finished-at="2014-07-08T00:45:51Z">
    <groups>
      <group name="prereqs">
        <method signature="org.globus.workspace.testing.suites.basic.BasicSuite.retrieveModuleLocator()" name="retrieveModuleLocator" class="org.globus.workspace.testing.suites.basic.BasicSuite"/>
      </group>
    </groups>
    <test name="nimbus" duration-ms="9673" started-at="2014-07-08T00:45:41Z" finished-at="2014-07-08T00:45:51Z">
      <class name="org.globus.workspace.testing.suites.basic.BasicSuite">
        <test-method status="PASS" signature="springTestContextBeforeTestClass()" name="springTestContextBeforeTestClass" is-config="true" duration-ms="9" started-at="2014-07-08T00:45:41Z" finished-at="2014-07-08T00:45:41Z">
        </test-method>
        <test-method status="PASS" signature="springTestContextPrepareTestInstance()" name="springTestContextPrepareTestInstance" is-config="true" duration-ms="7478" started-at="2014-07-08T00:45:41Z" finished-at="2014-07-08T00:45:49Z">
        </test-method>
        <test-method status="PASS" signature="springTestContextBeforeTestMethod(java.lang.reflect.Method)" name="springTestContextBeforeTestMethod" is-config="true" duration-ms="66" started-at="2014-07-08T00:45:49Z" finished-at="2014-07-08T00:45:49Z">
          <params>
            <param index="0">
              <value>
                <![CDATA[public void org.globus.workspace.testing.suites.basic.BasicSuite.retrieveModuleLocator() throws java.lang.Exception]]>
              </value>
            </param>
          </params>
        </test-method>
        <test-method status="PASS" signature="retrieveModuleLocator()" name="retrieveModuleLocator" duration-ms="3" started-at="2014-07-08T00:45:49Z" finished-at="2014-07-08T00:45:49Z">
        </test-method>
        <test-method status="PASS" signature="springTestContextAfterTestMethod(java.lang.reflect.Method)" name="springTestContextAfterTestMethod" is-config="true" duration-ms="0" started-at="2014-07-08T00:45:49Z" finished-at="2014-07-08T00:45:49Z">
          <params>
            <param index="0">
              <value>
                <![CDATA[public void org.globus.workspace.testing.suites.basic.BasicSuite.retrieveModuleLocator() throws java.lang.Exception]]>
              </value>
            </param>
          </params>
        </test-method>
        <test-method status="PASS" signature="springTestContextBeforeTestMethod(java.lang.reflect.Method)" name="springTestContextBeforeTestMethod" is-config="true" duration-ms="29" started-at="2014-07-08T00:45:49Z" finished-at="2014-07-08T00:45:49Z">
          <params>
            <param index="0">
              <value>
                <![CDATA[public void org.globus.workspace.testing.suites.basic.BasicSuite.leaseOne() throws java.lang.Exception]]>
              </value>
            </param>
          </params>
        </test-method>
        <test-method status="PASS" signature="leaseOne()" name="leaseOne" duration-ms="2081" depends-on-groups="prereqs" started-at="2014-07-08T00:45:49Z" finished-at="2014-07-08T00:45:51Z">
        </test-method>
        <test-method status="PASS" signature="springTestContextAfterTestMethod(java.lang.reflect.Method)" name="springTestContextAfterTestMethod" is-config="true" duration-ms="1" started-at="2014-07-08T00:45:51Z" finished-at="2014-07-08T00:45:51Z">
          <params>
            <param index="0">
              <value>
                <![CDATA[public void org.globus.workspace.testing.suites.basic.BasicSuite.leaseOne() throws java.lang.Exception]]>
              </value>
            </param>
          </params>
        </test-method>
        <test-method status="PASS" signature="springTestContextAfterTestClass()" name="springTestContextAfterTestClass" is-config="true" duration-ms="0" started-at="2014-07-08T00:45:51Z" finished-at="2014-07-08T00:45:51Z">
        </test-method>
        <test-method status="PASS" signature="suiteTeardown()" name="suiteTeardown" is-config="true" duration-ms="19" started-at="2014-07-08T00:45:51Z" finished-at="2014-07-08T00:45:51Z">
        </test-method>
      </class>
    </test>
  </suite>
</testng-results>
