<?xml version="1.0" encoding="UTF-8"?>
<testng-results skipped="0" failed="0" total="1" passed="1">
  <reporter-output>
  </reporter-output>
  <suite name="SimplestSISuite" duration-ms="13984" started-at="2014-07-08T01:01:38Z" finished-at="2014-07-08T01:01:52Z">
    <groups>
    </groups>
    <test name="nimbus" duration-ms="13984" started-at="2014-07-08T01:01:38Z" finished-at="2014-07-08T01:01:52Z">
      <class name="org.globus.workspace.testing.suites.spotinstances.SimplestSISuite">
        <test-method status="PASS" signature="springTestContextBeforeTestClass()" name="springTestContextBeforeTestClass" is-config="true" duration-ms="8" started-at="2014-07-08T01:01:38Z" finished-at="2014-07-08T01:01:38Z">
        </test-method>
        <test-method status="PASS" signature="springTestContextPrepareTestInstance()" name="springTestContextPrepareTestInstance" is-config="true" duration-ms="7897" started-at="2014-07-08T01:01:38Z" finished-at="2014-07-08T01:01:45Z">
        </test-method>
        <test-method status="PASS" signature="springTestContextBeforeTestMethod(java.lang.reflect.Method)" name="springTestContextBeforeTestMethod" is-config="true" duration-ms="60" started-at="2014-07-08T01:01:45Z" finished-at="2014-07-08T01:01:46Z">
          <params>
            <param index="0">
              <value>
                <![CDATA[public void org.globus.workspace.testing.suites.spotinstances.SimplestSISuite.singleInstancePreemption() throws java.lang.Exception]]>
              </value>
            </param>
          </params>
        </test-method>
        <test-method status="PASS" signature="singleInstancePreemption()" name="singleInstancePreemption" duration-ms="5496" started-at="2014-07-08T01:01:46Z" finished-at="2014-07-08T01:01:51Z">
        </test-method>
        <test-method status="PASS" signature="springTestContextAfterTestMethod(java.lang.reflect.Method)" name="springTestContextAfterTestMethod" is-config="true" duration-ms="517" started-at="2014-07-08T01:01:51Z" finished-at="2014-07-08T01:01:52Z">
          <params>
            <param index="0">
              <value>
                <![CDATA[public void org.globus.workspace.testing.suites.spotinstances.SimplestSISuite.singleInstancePreemption() throws java.lang.Exception]]>
              </value>
            </param>
          </params>
        </test-method>
        <test-method status="PASS" signature="springTestContextAfterTestClass()" name="springTestContextAfterTestClass" is-config="true" duration-ms="0" started-at="2014-07-08T01:01:52Z" finished-at="2014-07-08T01:01:52Z">
        </test-method>
        <test-method status="PASS" signature="suiteTeardown()" name="suiteTeardown" is-config="true" duration-ms="28" started-at="2014-07-08T01:01:52Z" finished-at="2014-07-08T01:01:52Z">
        </test-method>
      </class>
    </test>
  </suite>
</testng-results>
