<?xml version="1.0" encoding="UTF-8"?>
<testng-results skipped="0" failed="0" total="2" passed="2">
  <reporter-output>
  </reporter-output>
  <suite name="NoResourcesSISuite" duration-ms="10359" started-at="2014-07-08T01:01:04Z" finished-at="2014-07-08T01:01:14Z">
    <groups>
    </groups>
    <test name="nimbus" duration-ms="10359" started-at="2014-07-08T01:01:04Z" finished-at="2014-07-08T01:01:14Z">
      <class name="org.globus.workspace.testing.suites.spotinstances.NoResourcesSISuite">
        <test-method status="PASS" signature="springTestContextBeforeTestClass()" name="springTestContextBeforeTestClass" is-config="true" duration-ms="7" started-at="2014-07-08T01:01:04Z" finished-at="2014-07-08T01:01:04Z">
        </test-method>
        <test-method status="PASS" signature="springTestContextPrepareTestInstance()" name="springTestContextPrepareTestInstance" is-config="true" duration-ms="7696" started-at="2014-07-08T01:01:04Z" finished-at="2014-07-08T01:01:11Z">
        </test-method>
        <test-method status="PASS" signature="springTestContextBeforeTestMethod(java.lang.reflect.Method)" name="springTestContextBeforeTestMethod" is-config="true" duration-ms="23" started-at="2014-07-08T01:01:11Z" finished-at="2014-07-08T01:01:11Z">
          <params>
            <param index="0">
              <value>
                <![CDATA[public void org.globus.workspace.testing.suites.spotinstances.NoResourcesSISuite.multipleRequests() throws java.lang.Exception]]>
              </value>
            </param>
          </params>
        </test-method>
        <test-method status="PASS" signature="multipleRequests()" name="multipleRequests" duration-ms="736" started-at="2014-07-08T01:01:11Z" finished-at="2014-07-08T01:01:12Z">
        </test-method>
        <test-method status="PASS" signature="springTestContextAfterTestMethod(java.lang.reflect.Method)" name="springTestContextAfterTestMethod" is-config="true" duration-ms="499" started-at="2014-07-08T01:01:12Z" finished-at="2014-07-08T01:01:13Z">
          <params>
            <param index="0">
              <value>
                <![CDATA[public void org.globus.workspace.testing.suites.spotinstances.NoResourcesSISuite.multipleRequests() throws java.lang.Exception]]>
              </value>
            </param>
          </params>
        </test-method>
        <test-method status="PASS" signature="springTestContextBeforeTestMethod(java.lang.reflect.Method)" name="springTestContextBeforeTestMethod" is-config="true" duration-ms="996" started-at="2014-07-08T01:01:13Z" finished-at="2014-07-08T01:01:14Z">
          <params>
            <param index="0">
              <value>
                <![CDATA[public void org.globus.workspace.testing.suites.spotinstances.NoResourcesSISuite.singleRequest() throws java.lang.Exception]]>
              </value>
            </param>
          </params>
        </test-method>
        <test-method status="PASS" signature="singleRequest()" name="singleRequest" duration-ms="211" started-at="2014-07-08T01:01:14Z" finished-at="2014-07-08T01:01:14Z">
        </test-method>
        <test-method status="PASS" signature="springTestContextAfterTestMethod(java.lang.reflect.Method)" name="springTestContextAfterTestMethod" is-config="true" duration-ms="177" started-at="2014-07-08T01:01:14Z" finished-at="2014-07-08T01:01:14Z">
          <params>
            <param index="0">
              <value>
                <![CDATA[public void org.globus.workspace.testing.suites.spotinstances.NoResourcesSISuite.singleRequest() throws java.lang.Exception]]>
              </value>
            </param>
          </params>
        </test-method>
        <test-method status="PASS" signature="springTestContextAfterTestClass()" name="springTestContextAfterTestClass" is-config="true" duration-ms="2" started-at="2014-07-08T01:01:14Z" finished-at="2014-07-08T01:01:14Z">
        </test-method>
        <test-method status="PASS" signature="suiteTeardown()" name="suiteTeardown" is-config="true" duration-ms="23" started-at="2014-07-08T01:01:14Z" finished-at="2014-07-08T01:01:14Z">
        </test-method>
      </class>
    </test>
  </suite>
</testng-results>
