<?xml version="1.0" encoding="UTF-8"?>
<testng-results skipped="0" failed="0" total="2" passed="2">
  <reporter-output>
  </reporter-output>
  <suite name="Issue37Suite" duration-ms="12605" started-at="2014-07-08T00:46:18Z" finished-at="2014-07-08T00:46:31Z">
    <groups>
    </groups>
    <test name="nimbus" duration-ms="12605" started-at="2014-07-08T00:46:18Z" finished-at="2014-07-08T00:46:31Z">
      <class name="org.globus.workspace.testing.suites.basic.Issue37Suite">
        <test-method status="PASS" signature="springTestContextBeforeTestClass()" name="springTestContextBeforeTestClass" is-config="true" duration-ms="7" started-at="2014-07-08T00:46:18Z" finished-at="2014-07-08T00:46:18Z">
        </test-method>
        <test-method status="PASS" signature="springTestContextPrepareTestInstance()" name="springTestContextPrepareTestInstance" is-config="true" duration-ms="7359" started-at="2014-07-08T00:46:18Z" finished-at="2014-07-08T00:46:26Z">
        </test-method>
        <test-method status="PASS" signature="springTestContextBeforeTestMethod(java.lang.reflect.Method)" name="springTestContextBeforeTestMethod" is-config="true" duration-ms="42" started-at="2014-07-08T00:46:26Z" finished-at="2014-07-08T00:46:26Z">
          <params>
            <param index="0">
              <value>
                <![CDATA[public void org.globus.workspace.testing.suites.basic.Issue37Suite.leaseOnePublicOnePrivate() throws java.lang.Exception]]>
              </value>
            </param>
          </params>
        </test-method>
        <test-method status="PASS" signature="leaseOnePublicOnePrivate()" name="leaseOnePublicOnePrivate" duration-ms="3139" started-at="2014-07-08T00:46:26Z" finished-at="2014-07-08T00:46:29Z">
        </test-method>
        <test-method status="PASS" signature="springTestContextAfterTestMethod(java.lang.reflect.Method)" name="springTestContextAfterTestMethod" is-config="true" duration-ms="1" started-at="2014-07-08T00:46:29Z" finished-at="2014-07-08T00:46:29Z">
          <params>
            <param index="0">
              <value>
                <![CDATA[public void org.globus.workspace.testing.suites.basic.Issue37Suite.leaseOnePublicOnePrivate() throws java.lang.Exception]]>
              </value>
            </param>
          </params>
        </test-method>
        <test-method status="PASS" signature="springTestContextBeforeTestMethod(java.lang.reflect.Method)" name="springTestContextBeforeTestMethod" is-config="true" duration-ms="8" started-at="2014-07-08T00:46:29Z" finished-at="2014-07-08T00:46:29Z">
          <params>
            <param index="0">
              <value>
                <![CDATA[public void org.globus.workspace.testing.suites.basic.Issue37Suite.leaseTwoPrivate() throws java.lang.Exception]]>
              </value>
            </param>
          </params>
        </test-method>
        <test-method status="PASS" signature="leaseTwoPrivate()" name="leaseTwoPrivate" duration-ms="2041" started-at="2014-07-08T00:46:29Z" finished-at="2014-07-08T00:46:31Z">
        </test-method>
        <test-method status="PASS" signature="springTestContextAfterTestMethod(java.lang.reflect.Method)" name="springTestContextAfterTestMethod" is-config="true" duration-ms="0" started-at="2014-07-08T00:46:31Z" finished-at="2014-07-08T00:46:31Z">
          <params>
            <param index="0">
              <value>
                <![CDATA[public void org.globus.workspace.testing.suites.basic.Issue37Suite.leaseTwoPrivate() throws java.lang.Exception]]>
              </value>
            </param>
          </params>
        </test-method>
        <test-method status="PASS" signature="springTestContextAfterTestClass()" name="springTestContextAfterTestClass" is-config="true" duration-ms="0" started-at="2014-07-08T00:46:31Z" finished-at="2014-07-08T00:46:31Z">
        </test-method>
        <test-method status="PASS" signature="suiteTeardown()" name="suiteTeardown" is-config="true" duration-ms="18" started-at="2014-07-08T00:46:31Z" finished-at="2014-07-08T00:46:31Z">
        </test-method>
      </class>
    </test>
  </suite>
</testng-results>
