<?xml version="1.0" encoding="UTF-8"?>
<testng-results skipped="0" failed="0" total="2" passed="2">
  <reporter-output>
  </reporter-output>
  <suite name="BackfillTerminationSuite" duration-ms="53420" started-at="2014-08-01T21:34:07Z" finished-at="2014-08-01T21:35:01Z">
    <groups>
    </groups>
    <test name="nimbus" duration-ms="53420" started-at="2014-08-01T21:34:07Z" finished-at="2014-08-01T21:35:01Z">
      <class name="org.globus.workspace.testing.suites.spotinstances.BackfillTerminationSuite">
        <test-method status="PASS" signature="springTestContextBeforeTestClass()" name="springTestContextBeforeTestClass" is-config="true" duration-ms="20" started-at="2014-08-01T21:34:08Z" finished-at="2014-08-01T21:34:08Z">
        </test-method>
        <test-method status="PASS" signature="springTestContextPrepareTestInstance()" name="springTestContextPrepareTestInstance" is-config="true" duration-ms="14882" started-at="2014-08-01T21:34:08Z" finished-at="2014-08-01T21:34:22Z">
        </test-method>
        <test-method status="PASS" signature="springTestContextBeforeTestMethod(java.lang.reflect.Method)" name="springTestContextBeforeTestMethod" is-config="true" duration-ms="106" started-at="2014-08-01T21:34:22Z" finished-at="2014-08-01T21:34:23Z">
          <params>
            <param index="0">
              <value>
                <![CDATA[public void org.globus.workspace.testing.suites.spotinstances.BackfillTerminationSuite.backfillEventuallyDies() throws java.lang.Exception]]>
              </value>
            </param>
          </params>
        </test-method>
        <test-method status="PASS" signature="backfillEventuallyDies()" name="backfillEventuallyDies" duration-ms="14930" started-at="2014-08-01T21:34:23Z" finished-at="2014-08-01T21:34:37Z">
        </test-method>
        <test-method status="PASS" signature="springTestContextAfterTestMethod(java.lang.reflect.Method)" name="springTestContextAfterTestMethod" is-config="true" duration-ms="393" started-at="2014-08-01T21:34:37Z" finished-at="2014-08-01T21:34:38Z">
          <params>
            <param index="0">
              <value>
                <![CDATA[public void org.globus.workspace.testing.suites.spotinstances.BackfillTerminationSuite.backfillEventuallyDies() throws java.lang.Exception]]>
              </value>
            </param>
          </params>
        </test-method>
        <test-method status="PASS" signature="springTestContextBeforeTestMethod(java.lang.reflect.Method)" name="springTestContextBeforeTestMethod" is-config="true" duration-ms="720" started-at="2014-08-01T21:34:38Z" finished-at="2014-08-01T21:34:39Z">
          <params>
            <param index="0">
              <value>
                <![CDATA[public void org.globus.workspace.testing.suites.spotinstances.BackfillTerminationSuite.backfillWontDie() throws java.lang.Exception]]>
              </value>
            </param>
          </params>
        </test-method>
        <test-method status="PASS" signature="backfillWontDie()" name="backfillWontDie" duration-ms="22250" started-at="2014-08-01T21:34:39Z" finished-at="2014-08-01T21:35:01Z">
        </test-method>
        <test-method status="PASS" signature="springTestContextAfterTestMethod(java.lang.reflect.Method)" name="springTestContextAfterTestMethod" is-config="true" duration-ms="104" started-at="2014-08-01T21:35:01Z" finished-at="2014-08-01T21:35:01Z">
          <params>
            <param index="0">
              <value>
                <![CDATA[public void org.globus.workspace.testing.suites.spotinstances.BackfillTerminationSuite.backfillWontDie() throws java.lang.Exception]]>
              </value>
            </param>
          </params>
        </test-method>
        <test-method status="PASS" signature="springTestContextAfterTestClass()" name="springTestContextAfterTestClass" is-config="true" duration-ms="1" started-at="2014-08-01T21:35:01Z" finished-at="2014-08-01T21:35:01Z">
        </test-method>
        <test-method status="PASS" signature="suiteTeardown()" name="suiteTeardown" is-config="true" duration-ms="20" started-at="2014-08-01T21:35:01Z" finished-at="2014-08-01T21:35:01Z">
        </test-method>
      </class>
    </test>
  </suite>
</testng-results>
