<?xml version="1.0" encoding="UTF-8"?>
<testng-results skipped="0" failed="0" total="2" passed="2">
  <reporter-output>
  </reporter-output>
  <suite name="BackfillTerminationSuite" duration-ms="45141" started-at="2014-07-08T18:04:18Z" finished-at="2014-07-08T18:05:03Z">
    <groups>
    </groups>
    <test name="nimbus" duration-ms="45141" started-at="2014-07-08T18:04:18Z" finished-at="2014-07-08T18:05:03Z">
      <class name="org.globus.workspace.testing.suites.spotinstances.BackfillTerminationSuite">
        <test-method status="PASS" signature="springTestContextBeforeTestClass()" name="springTestContextBeforeTestClass" is-config="true" duration-ms="7" started-at="2014-07-08T18:04:18Z" finished-at="2014-07-08T18:04:18Z">
        </test-method>
        <test-method status="PASS" signature="springTestContextPrepareTestInstance()" name="springTestContextPrepareTestInstance" is-config="true" duration-ms="7080" started-at="2014-07-08T18:04:18Z" finished-at="2014-07-08T18:04:25Z">
        </test-method>
        <test-method status="PASS" signature="springTestContextBeforeTestMethod(java.lang.reflect.Method)" name="springTestContextBeforeTestMethod" is-config="true" duration-ms="46" started-at="2014-07-08T18:04:25Z" finished-at="2014-07-08T18:04:25Z">
          <params>
            <param index="0">
              <value>
                <![CDATA[public void org.globus.workspace.testing.suites.spotinstances.BackfillTerminationSuite.backfillEventuallyDies() throws java.lang.Exception]]>
              </value>
            </param>
          </params>
        </test-method>
        <test-method status="PASS" signature="backfillEventuallyDies()" name="backfillEventuallyDies" duration-ms="14441" started-at="2014-07-08T18:04:25Z" finished-at="2014-07-08T18:04:40Z">
        </test-method>
        <test-method status="PASS" signature="springTestContextAfterTestMethod(java.lang.reflect.Method)" name="springTestContextAfterTestMethod" is-config="true" duration-ms="415" started-at="2014-07-08T18:04:40Z" finished-at="2014-07-08T18:04:40Z">
          <params>
            <param index="0">
              <value>
                <![CDATA[public void org.globus.workspace.testing.suites.spotinstances.BackfillTerminationSuite.backfillEventuallyDies() throws java.lang.Exception]]>
              </value>
            </param>
          </params>
        </test-method>
        <test-method status="PASS" signature="springTestContextBeforeTestMethod(java.lang.reflect.Method)" name="springTestContextBeforeTestMethod" is-config="true" duration-ms="757" started-at="2014-07-08T18:04:40Z" finished-at="2014-07-08T18:04:41Z">
          <params>
            <param index="0">
              <value>
                <![CDATA[public void org.globus.workspace.testing.suites.spotinstances.BackfillTerminationSuite.backfillWontDie() throws java.lang.Exception]]>
              </value>
            </param>
          </params>
        </test-method>
        <test-method status="PASS" signature="backfillWontDie()" name="backfillWontDie" duration-ms="22235" started-at="2014-07-08T18:04:41Z" finished-at="2014-07-08T18:05:03Z">
        </test-method>
        <test-method status="PASS" signature="springTestContextAfterTestMethod(java.lang.reflect.Method)" name="springTestContextAfterTestMethod" is-config="true" duration-ms="154" started-at="2014-07-08T18:05:03Z" finished-at="2014-07-08T18:05:03Z">
          <params>
            <param index="0">
              <value>
                <![CDATA[public void org.globus.workspace.testing.suites.spotinstances.BackfillTerminationSuite.backfillWontDie() throws java.lang.Exception]]>
              </value>
            </param>
          </params>
        </test-method>
        <test-method status="PASS" signature="springTestContextAfterTestClass()" name="springTestContextAfterTestClass" is-config="true" duration-ms="0" started-at="2014-07-08T18:05:03Z" finished-at="2014-07-08T18:05:03Z">
        </test-method>
        <test-method status="PASS" signature="suiteTeardown()" name="suiteTeardown" is-config="true" duration-ms="20" started-at="2014-07-08T18:05:03Z" finished-at="2014-07-08T18:05:03Z">
        </test-method>
      </class>
    </test>
  </suite>
</testng-results>
