<?xml version="1.0" encoding="UTF-8"?>
<testng-results skipped="0" failed="0" total="2" passed="2">
  <reporter-output>
  </reporter-output>
  <suite name="SimpleSISuite" duration-ms="17301" started-at="2014-07-03T19:23:51Z" finished-at="2014-07-03T19:24:09Z">
    <groups>
    </groups>
    <test name="nimbus" duration-ms="17301" started-at="2014-07-03T19:23:51Z" finished-at="2014-07-03T19:24:09Z">
      <class name="org.globus.workspace.testing.suites.spotinstances.SimpleSISuite">
        <test-method status="PASS" signature="springTestContextBeforeTestClass()" name="springTestContextBeforeTestClass" is-config="true" duration-ms="7" started-at="2014-07-03T19:23:51Z" finished-at="2014-07-03T19:23:51Z">
        </test-method>
        <test-method status="PASS" signature="springTestContextPrepareTestInstance()" name="springTestContextPrepareTestInstance" is-config="true" duration-ms="6661" started-at="2014-07-03T19:23:51Z" finished-at="2014-07-03T19:23:58Z">
        </test-method>
        <test-method status="PASS" signature="springTestContextBeforeTestMethod(java.lang.reflect.Method)" name="springTestContextBeforeTestMethod" is-config="true" duration-ms="73" started-at="2014-07-03T19:23:58Z" finished-at="2014-07-03T19:23:58Z">
          <params>
            <param index="0">
              <value>
                <![CDATA[public void org.globus.workspace.testing.suites.spotinstances.SimpleSISuite.simpleBackfillPreemptionTest() throws java.lang.Exception]]>
              </value>
            </param>
          </params>
        </test-method>
        <test-method status="PASS" signature="simpleBackfillPreemptionTest()" name="simpleBackfillPreemptionTest" duration-ms="6946" started-at="2014-07-03T19:23:58Z" finished-at="2014-07-03T19:24:05Z">
        </test-method>
        <test-method status="PASS" signature="springTestContextAfterTestMethod(java.lang.reflect.Method)" name="springTestContextAfterTestMethod" is-config="true" duration-ms="350" started-at="2014-07-03T19:24:05Z" finished-at="2014-07-03T19:24:05Z">
          <params>
            <param index="0">
              <value>
                <![CDATA[public void org.globus.workspace.testing.suites.spotinstances.SimpleSISuite.simpleBackfillPreemptionTest() throws java.lang.Exception]]>
              </value>
            </param>
          </params>
        </test-method>
        <test-method status="PASS" signature="springTestContextBeforeTestMethod(java.lang.reflect.Method)" name="springTestContextBeforeTestMethod" is-config="true" duration-ms="803" started-at="2014-07-03T19:24:05Z" finished-at="2014-07-03T19:24:06Z">
          <params>
            <param index="0">
              <value>
                <![CDATA[public void org.globus.workspace.testing.suites.spotinstances.SimpleSISuite.simpleBackfillTest() throws java.lang.Exception]]>
              </value>
            </param>
          </params>
        </test-method>
        <test-method status="PASS" signature="simpleBackfillTest()" name="simpleBackfillTest" duration-ms="2340" started-at="2014-07-03T19:24:06Z" finished-at="2014-07-03T19:24:08Z">
        </test-method>
        <test-method status="PASS" signature="springTestContextAfterTestMethod(java.lang.reflect.Method)" name="springTestContextAfterTestMethod" is-config="true" duration-ms="116" started-at="2014-07-03T19:24:08Z" finished-at="2014-07-03T19:24:09Z">
          <params>
            <param index="0">
              <value>
                <![CDATA[public void org.globus.workspace.testing.suites.spotinstances.SimpleSISuite.simpleBackfillTest() throws java.lang.Exception]]>
              </value>
            </param>
          </params>
        </test-method>
        <test-method status="PASS" signature="springTestContextAfterTestClass()" name="springTestContextAfterTestClass" is-config="true" duration-ms="0" started-at="2014-07-03T19:24:09Z" finished-at="2014-07-03T19:24:09Z">
        </test-method>
        <test-method status="PASS" signature="suiteTeardown()" name="suiteTeardown" is-config="true" duration-ms="17" started-at="2014-07-03T19:24:09Z" finished-at="2014-07-03T19:24:09Z">
        </test-method>
      </class>
    </test>
  </suite>
</testng-results>
