<?xml version="1.0" encoding="UTF-8"?>
<testng-results skipped="0" failed="0" total="2" passed="2">
  <reporter-output>
  </reporter-output>
  <suite name="BasicSuite" duration-ms="8642" started-at="2014-07-08T00:46:56Z" finished-at="2014-07-08T00:47:05Z">
    <groups>
      <group name="prereqs">
        <method signature="org.globus.workspace.testing.suites.basic.AsyncRequestMapSuite.retrieveModuleLocator()" name="retrieveModuleLocator" class="org.globus.workspace.testing.suites.basic.AsyncRequestMapSuite"/>
      </group>
    </groups>
    <test name="nimbus" duration-ms="8642" started-at="2014-07-08T00:46:56Z" finished-at="2014-07-08T00:47:05Z">
      <class name="org.globus.workspace.testing.suites.basic.AsyncRequestMapSuite">
        <test-method status="PASS" signature="springTestContextBeforeTestClass()" name="springTestContextBeforeTestClass" is-config="true" duration-ms="11" started-at="2014-07-08T00:46:56Z" finished-at="2014-07-08T00:46:56Z">
        </test-method>
        <test-method status="PASS" signature="springTestContextPrepareTestInstance()" name="springTestContextPrepareTestInstance" is-config="true" duration-ms="8309" started-at="2014-07-08T00:46:56Z" finished-at="2014-07-08T00:47:05Z">
        </test-method>
        <test-method status="PASS" signature="springTestContextBeforeTestMethod(java.lang.reflect.Method)" name="springTestContextBeforeTestMethod" is-config="true" duration-ms="87" started-at="2014-07-08T00:47:05Z" finished-at="2014-07-08T00:47:05Z">
          <params>
            <param index="0">
              <value>
                <![CDATA[public void org.globus.workspace.testing.suites.basic.AsyncRequestMapSuite.retrieveModuleLocator() throws java.lang.Exception]]>
              </value>
            </param>
          </params>
        </test-method>
        <test-method status="PASS" signature="retrieveModuleLocator()" name="retrieveModuleLocator" duration-ms="3" started-at="2014-07-08T00:47:05Z" finished-at="2014-07-08T00:47:05Z">
        </test-method>
        <test-method status="PASS" signature="springTestContextAfterTestMethod(java.lang.reflect.Method)" name="springTestContextAfterTestMethod" is-config="true" duration-ms="0" started-at="2014-07-08T00:47:05Z" finished-at="2014-07-08T00:47:05Z">
          <params>
            <param index="0">
              <value>
                <![CDATA[public void org.globus.workspace.testing.suites.basic.AsyncRequestMapSuite.retrieveModuleLocator() throws java.lang.Exception]]>
              </value>
            </param>
          </params>
        </test-method>
        <test-method status="PASS" signature="springTestContextBeforeTestMethod(java.lang.reflect.Method)" name="springTestContextBeforeTestMethod" is-config="true" duration-ms="30" started-at="2014-07-08T00:47:05Z" finished-at="2014-07-08T00:47:05Z">
          <params>
            <param index="0">
              <value>
                <![CDATA[public void org.globus.workspace.testing.suites.basic.AsyncRequestMapSuite.persistOne() throws java.lang.Exception]]>
              </value>
            </param>
          </params>
        </test-method>
        <test-method status="PASS" signature="persistOne()" name="persistOne" duration-ms="195" depends-on-groups="prereqs" started-at="2014-07-08T00:47:05Z" finished-at="2014-07-08T00:47:05Z">
        </test-method>
        <test-method status="PASS" signature="springTestContextAfterTestClass()" name="springTestContextAfterTestClass" is-config="true" duration-ms="1" started-at="2014-07-08T00:47:05Z" finished-at="2014-07-08T00:47:05Z">
        </test-method>
        <test-method status="PASS" signature="springTestContextAfterTestMethod(java.lang.reflect.Method)" name="springTestContextAfterTestMethod" is-config="true" duration-ms="0" started-at="2014-07-08T00:47:05Z" finished-at="2014-07-08T00:47:05Z">
          <params>
            <param index="0">
              <value>
                <![CDATA[public void org.globus.workspace.testing.suites.basic.AsyncRequestMapSuite.persistOne() throws java.lang.Exception]]>
              </value>
            </param>
          </params>
        </test-method>
        <test-method status="PASS" signature="suiteTeardown()" name="suiteTeardown" is-config="true" duration-ms="17" started-at="2014-07-08T00:47:05Z" finished-at="2014-07-08T00:47:05Z">
        </test-method>
      </class>
    </test>
  </suite>
</testng-results>
