<?xml version="1.0" encoding="UTF-8"?>
<testng-results skipped="0" failed="0" total="3" passed="3">
  <reporter-output>
  </reporter-output>
  <suite name="BackoffSuite" duration-ms="77939" started-at="2014-07-08T00:49:31Z" finished-at="2014-07-08T00:50:49Z">
    <groups>
      <group name="yesbackoff">
        <method signature="org.globus.workspace.testing.suites.failure.BackoffSuite.testBackoff()" name="testBackoff" class="org.globus.workspace.testing.suites.failure.BackoffSuite"/>
      </group>
      <group name="nobackoff">
        <method signature="org.globus.workspace.testing.suites.failure.BackoffSuite.noBackoff()" name="noBackoff" class="org.globus.workspace.testing.suites.failure.BackoffSuite"/>
      </group>
      <group name="pr3r3qs">
        <method signature="org.globus.workspace.testing.suites.failure.BackoffSuite.retrieveModuleLocator()" name="retrieveModuleLocator" class="org.globus.workspace.testing.suites.failure.BackoffSuite"/>
      </group>
    </groups>
    <test name="nimbus" duration-ms="77939" started-at="2014-07-08T00:49:31Z" finished-at="2014-07-08T00:50:49Z">
      <class name="org.globus.workspace.testing.suites.failure.BackoffSuite">
        <test-method status="PASS" signature="springTestContextBeforeTestClass()" name="springTestContextBeforeTestClass" is-config="true" duration-ms="10" started-at="2014-07-08T00:49:31Z" finished-at="2014-07-08T00:49:31Z">
        </test-method>
        <test-method status="PASS" signature="springTestContextPrepareTestInstance()" name="springTestContextPrepareTestInstance" is-config="true" duration-ms="7867" started-at="2014-07-08T00:49:31Z" finished-at="2014-07-08T00:49:39Z">
        </test-method>
        <test-method status="PASS" signature="springTestContextBeforeTestMethod(java.lang.reflect.Method)" name="springTestContextBeforeTestMethod" is-config="true" duration-ms="107" started-at="2014-07-08T00:49:39Z" finished-at="2014-07-08T00:49:39Z">
          <params>
            <param index="0">
              <value>
                <![CDATA[public void org.globus.workspace.testing.suites.failure.BackoffSuite.retrieveModuleLocator() throws java.lang.Exception]]>
              </value>
            </param>
          </params>
        </test-method>
        <test-method status="PASS" signature="retrieveModuleLocator()" name="retrieveModuleLocator" duration-ms="6" started-at="2014-07-08T00:49:39Z" finished-at="2014-07-08T00:49:39Z">
        </test-method>
        <test-method status="PASS" signature="springTestContextAfterTestMethod(java.lang.reflect.Method)" name="springTestContextAfterTestMethod" is-config="true" duration-ms="2" started-at="2014-07-08T00:49:39Z" finished-at="2014-07-08T00:49:39Z">
          <params>
            <param index="0">
              <value>
                <![CDATA[public void org.globus.workspace.testing.suites.failure.BackoffSuite.retrieveModuleLocator() throws java.lang.Exception]]>
              </value>
            </param>
          </params>
        </test-method>
        <test-method status="PASS" signature="springTestContextBeforeTestMethod(java.lang.reflect.Method)" name="springTestContextBeforeTestMethod" is-config="true" duration-ms="28" started-at="2014-07-08T00:49:39Z" finished-at="2014-07-08T00:49:39Z">
          <params>
            <param index="0">
              <value>
                <![CDATA[public void org.globus.workspace.testing.suites.failure.BackoffSuite.noBackoff() throws java.lang.Exception]]>
              </value>
            </param>
          </params>
        </test-method>
        <test-method status="PASS" signature="noBackoff()" name="noBackoff" duration-ms="16218" depends-on-groups="pr3r3qs" started-at="2014-07-08T00:49:39Z" finished-at="2014-07-08T00:49:55Z">
        </test-method>
        <test-method status="PASS" signature="springTestContextAfterTestMethod(java.lang.reflect.Method)" name="springTestContextAfterTestMethod" is-config="true" duration-ms="0" started-at="2014-07-08T00:49:55Z" finished-at="2014-07-08T00:49:55Z">
          <params>
            <param index="0">
              <value>
                <![CDATA[public void org.globus.workspace.testing.suites.failure.BackoffSuite.noBackoff() throws java.lang.Exception]]>
              </value>
            </param>
          </params>
        </test-method>
        <test-method status="PASS" signature="springTestContextBeforeTestMethod(java.lang.reflect.Method)" name="springTestContextBeforeTestMethod" is-config="true" duration-ms="33" started-at="2014-07-08T00:49:55Z" finished-at="2014-07-08T00:49:55Z">
          <params>
            <param index="0">
              <value>
                <![CDATA[public void org.globus.workspace.testing.suites.failure.BackoffSuite.testBackoff() throws java.lang.Exception]]>
              </value>
            </param>
          </params>
        </test-method>
        <test-method status="PASS" signature="testBackoff()" name="testBackoff" duration-ms="53655" depends-on-groups="nobackoff" started-at="2014-07-08T00:49:55Z" finished-at="2014-07-08T00:50:49Z">
        </test-method>
        <test-method status="PASS" signature="springTestContextAfterTestMethod(java.lang.reflect.Method)" name="springTestContextAfterTestMethod" is-config="true" duration-ms="0" started-at="2014-07-08T00:50:49Z" finished-at="2014-07-08T00:50:49Z">
          <params>
            <param index="0">
              <value>
                <![CDATA[public void org.globus.workspace.testing.suites.failure.BackoffSuite.testBackoff() throws java.lang.Exception]]>
              </value>
            </param>
          </params>
        </test-method>
        <test-method status="PASS" signature="springTestContextAfterTestClass()" name="springTestContextAfterTestClass" is-config="true" duration-ms="0" started-at="2014-07-08T00:50:49Z" finished-at="2014-07-08T00:50:49Z">
        </test-method>
        <test-method status="PASS" signature="suiteTeardown()" name="suiteTeardown" is-config="true" duration-ms="20" started-at="2014-07-08T00:50:49Z" finished-at="2014-07-08T00:50:49Z">
        </test-method>
      </class>
    </test>
  </suite>
</testng-results>
