<?xml version="1.0" encoding="UTF-8"?>
<testng-results skipped="0" failed="0" total="2" passed="2">
  <reporter-output>
  </reporter-output>
  <suite name="Issue37Suite" duration-ms="12253" started-at="2014-07-03T19:19:09Z" finished-at="2014-07-03T19:19:21Z">
    <groups>
    </groups>
    <test name="nimbus" duration-ms="12253" started-at="2014-07-03T19:19:09Z" finished-at="2014-07-03T19:19:21Z">
      <class name="org.globus.workspace.testing.suites.basic.Issue37Suite">
        <test-method status="PASS" signature="springTestContextBeforeTestClass()" name="springTestContextBeforeTestClass" is-config="true" duration-ms="7" started-at="2014-07-03T19:19:09Z" finished-at="2014-07-03T19:19:09Z">
        </test-method>
        <test-method status="PASS" signature="springTestContextPrepareTestInstance()" name="springTestContextPrepareTestInstance" is-config="true" duration-ms="6940" started-at="2014-07-03T19:19:09Z" finished-at="2014-07-03T19:19:15Z">
        </test-method>
        <test-method status="PASS" signature="springTestContextBeforeTestMethod(java.lang.reflect.Method)" name="springTestContextBeforeTestMethod" is-config="true" duration-ms="65" started-at="2014-07-03T19:19:15Z" finished-at="2014-07-03T19:19:16Z">
          <params>
            <param index="0">
              <value>
                <![CDATA[public void org.globus.workspace.testing.suites.basic.Issue37Suite.leaseOnePublicOnePrivate() throws java.lang.Exception]]>
              </value>
            </param>
          </params>
        </test-method>
        <test-method status="PASS" signature="leaseOnePublicOnePrivate()" name="leaseOnePublicOnePrivate" duration-ms="3184" started-at="2014-07-03T19:19:16Z" finished-at="2014-07-03T19:19:19Z">
        </test-method>
        <test-method status="PASS" signature="springTestContextAfterTestMethod(java.lang.reflect.Method)" name="springTestContextAfterTestMethod" is-config="true" duration-ms="1" started-at="2014-07-03T19:19:19Z" finished-at="2014-07-03T19:19:19Z">
          <params>
            <param index="0">
              <value>
                <![CDATA[public void org.globus.workspace.testing.suites.basic.Issue37Suite.leaseOnePublicOnePrivate() throws java.lang.Exception]]>
              </value>
            </param>
          </params>
        </test-method>
        <test-method status="PASS" signature="springTestContextBeforeTestMethod(java.lang.reflect.Method)" name="springTestContextBeforeTestMethod" is-config="true" duration-ms="8" started-at="2014-07-03T19:19:19Z" finished-at="2014-07-03T19:19:19Z">
          <params>
            <param index="0">
              <value>
                <![CDATA[public void org.globus.workspace.testing.suites.basic.Issue37Suite.leaseTwoPrivate() throws java.lang.Exception]]>
              </value>
            </param>
          </params>
        </test-method>
        <test-method status="PASS" signature="leaseTwoPrivate()" name="leaseTwoPrivate" duration-ms="2040" started-at="2014-07-03T19:19:19Z" finished-at="2014-07-03T19:19:21Z">
        </test-method>
        <test-method status="PASS" signature="springTestContextAfterTestMethod(java.lang.reflect.Method)" name="springTestContextAfterTestMethod" is-config="true" duration-ms="0" started-at="2014-07-03T19:19:21Z" finished-at="2014-07-03T19:19:21Z">
          <params>
            <param index="0">
              <value>
                <![CDATA[public void org.globus.workspace.testing.suites.basic.Issue37Suite.leaseTwoPrivate() throws java.lang.Exception]]>
              </value>
            </param>
          </params>
        </test-method>
        <test-method status="PASS" signature="springTestContextAfterTestClass()" name="springTestContextAfterTestClass" is-config="true" duration-ms="1" started-at="2014-07-03T19:19:21Z" finished-at="2014-07-03T19:19:21Z">
        </test-method>
        <test-method status="PASS" signature="suiteTeardown()" name="suiteTeardown" is-config="true" duration-ms="20" started-at="2014-07-03T19:19:21Z" finished-at="2014-07-03T19:19:21Z">
        </test-method>
      </class>
    </test>
  </suite>
</testng-results>
