<?xml version="1.0" encoding="UTF-8"?>
<testng-results skipped="0" failed="0" total="1" passed="1">
  <reporter-output>
  </reporter-output>
  <suite name="Issue26Suite" duration-ms="7253" started-at="2014-07-03T19:23:31Z" finished-at="2014-07-03T19:23:39Z">
    <groups>
    </groups>
    <test name="nimbus" duration-ms="7253" started-at="2014-07-03T19:23:31Z" finished-at="2014-07-03T19:23:39Z">
      <class name="org.globus.workspace.testing.suites.spotinstances.Issue26Suite">
        <test-method status="PASS" signature="springTestContextBeforeTestClass()" name="springTestContextBeforeTestClass" is-config="true" duration-ms="7" started-at="2014-07-03T19:23:31Z" finished-at="2014-07-03T19:23:31Z">
        </test-method>
        <test-method status="PASS" signature="springTestContextPrepareTestInstance()" name="springTestContextPrepareTestInstance" is-config="true" duration-ms="6663" started-at="2014-07-03T19:23:31Z" finished-at="2014-07-03T19:23:38Z">
        </test-method>
        <test-method status="PASS" signature="springTestContextBeforeTestMethod(java.lang.reflect.Method)" name="springTestContextBeforeTestMethod" is-config="true" duration-ms="84" started-at="2014-07-03T19:23:38Z" finished-at="2014-07-03T19:23:38Z">
          <params>
            <param index="0">
              <value>
                <![CDATA[public void org.globus.workspace.testing.suites.spotinstances.Issue26Suite.tooMuchMemory() throws java.lang.Exception]]>
              </value>
            </param>
          </params>
        </test-method>
        <test-method status="PASS" signature="tooMuchMemory()" name="tooMuchMemory" duration-ms="31" started-at="2014-07-03T19:23:38Z" finished-at="2014-07-03T19:23:38Z">
        </test-method>
        <test-method status="PASS" signature="springTestContextAfterTestMethod(java.lang.reflect.Method)" name="springTestContextAfterTestMethod" is-config="true" duration-ms="462" started-at="2014-07-03T19:23:38Z" finished-at="2014-07-03T19:23:39Z">
          <params>
            <param index="0">
              <value>
                <![CDATA[public void org.globus.workspace.testing.suites.spotinstances.Issue26Suite.tooMuchMemory() throws java.lang.Exception]]>
              </value>
            </param>
          </params>
        </test-method>
        <test-method status="PASS" signature="springTestContextAfterTestClass()" name="springTestContextAfterTestClass" is-config="true" duration-ms="1" started-at="2014-07-03T19:23:39Z" finished-at="2014-07-03T19:23:39Z">
        </test-method>
        <test-method status="PASS" signature="suiteTeardown()" name="suiteTeardown" is-config="true" duration-ms="24" started-at="2014-07-03T19:23:39Z" finished-at="2014-07-03T19:23:39Z">
        </test-method>
      </class>
    </test>
  </suite>
</testng-results>
