<?xml version="1.0" encoding="UTF-8"?>
<testng-results skipped="0" failed="0" total="3" passed="3">
  <reporter-output>
  </reporter-output>
  <suite name="SingleResourcePoolSISuite" duration-ms="294588" started-at="2014-07-03T19:24:25Z" finished-at="2014-07-03T19:29:19Z">
    <groups>
    </groups>
    <test name="nimbus" duration-ms="294588" started-at="2014-07-03T19:24:25Z" finished-at="2014-07-03T19:29:19Z">
      <class name="org.globus.workspace.testing.suites.spotinstances.SingleResourcePoolSISuite">
        <test-method status="PASS" signature="springTestContextBeforeTestClass()" name="springTestContextBeforeTestClass" is-config="true" duration-ms="7" started-at="2014-07-03T19:24:25Z" finished-at="2014-07-03T19:24:25Z">
        </test-method>
        <test-method status="PASS" signature="springTestContextPrepareTestInstance()" name="springTestContextPrepareTestInstance" is-config="true" duration-ms="6726" started-at="2014-07-03T19:24:25Z" finished-at="2014-07-03T19:24:32Z">
        </test-method>
        <test-method status="PASS" signature="springTestContextBeforeTestMethod(java.lang.reflect.Method)" name="springTestContextBeforeTestMethod" is-config="true" duration-ms="73" started-at="2014-07-03T19:24:32Z" finished-at="2014-07-03T19:24:32Z">
          <params>
            <param index="0">
              <value>
                <![CDATA[public void org.globus.workspace.testing.suites.spotinstances.SingleResourcePoolSISuite.mixedSIandWSrequests() throws java.lang.Exception]]>
              </value>
            </param>
          </params>
        </test-method>
        <test-method status="PASS" signature="mixedSIandWSrequests()" name="mixedSIandWSrequests" duration-ms="94821" started-at="2014-07-03T19:24:32Z" finished-at="2014-07-03T19:26:06Z">
        </test-method>
        <test-method status="PASS" signature="springTestContextAfterTestMethod(java.lang.reflect.Method)" name="springTestContextAfterTestMethod" is-config="true" duration-ms="360" started-at="2014-07-03T19:26:06Z" finished-at="2014-07-03T19:26:07Z">
          <params>
            <param index="0">
              <value>
                <![CDATA[public void org.globus.workspace.testing.suites.spotinstances.SingleResourcePoolSISuite.mixedSIandWSrequests() throws java.lang.Exception]]>
              </value>
            </param>
          </params>
        </test-method>
        <test-method status="PASS" signature="springTestContextBeforeTestMethod(java.lang.reflect.Method)" name="springTestContextBeforeTestMethod" is-config="true" duration-ms="671" started-at="2014-07-03T19:26:07Z" finished-at="2014-07-03T19:26:07Z">
          <params>
            <param index="0">
              <value>
                <![CDATA[public void org.globus.workspace.testing.suites.spotinstances.SingleResourcePoolSISuite.multipleSIRequestsOnly() throws java.lang.Exception]]>
              </value>
            </param>
          </params>
        </test-method>
        <test-method status="PASS" signature="multipleSIRequestsOnly()" name="multipleSIRequestsOnly" duration-ms="113965" started-at="2014-07-03T19:26:07Z" finished-at="2014-07-03T19:28:01Z">
        </test-method>
        <test-method status="PASS" signature="springTestContextAfterTestMethod(java.lang.reflect.Method)" name="springTestContextAfterTestMethod" is-config="true" duration-ms="111" started-at="2014-07-03T19:28:01Z" finished-at="2014-07-03T19:28:02Z">
          <params>
            <param index="0">
              <value>
                <![CDATA[public void org.globus.workspace.testing.suites.spotinstances.SingleResourcePoolSISuite.multipleSIRequestsOnly() throws java.lang.Exception]]>
              </value>
            </param>
          </params>
        </test-method>
        <test-method status="PASS" signature="springTestContextBeforeTestMethod(java.lang.reflect.Method)" name="springTestContextBeforeTestMethod" is-config="true" duration-ms="506" started-at="2014-07-03T19:28:02Z" finished-at="2014-07-03T19:28:02Z">
          <params>
            <param index="0">
              <value>
                <![CDATA[public void org.globus.workspace.testing.suites.spotinstances.SingleResourcePoolSISuite.singleRequest() throws java.lang.Exception]]>
              </value>
            </param>
          </params>
        </test-method>
        <test-method status="PASS" signature="singleRequest()" name="singleRequest" duration-ms="77226" started-at="2014-07-03T19:28:02Z" finished-at="2014-07-03T19:29:19Z">
        </test-method>
        <test-method status="PASS" signature="springTestContextAfterTestMethod(java.lang.reflect.Method)" name="springTestContextAfterTestMethod" is-config="true" duration-ms="113" started-at="2014-07-03T19:29:19Z" finished-at="2014-07-03T19:29:19Z">
          <params>
            <param index="0">
              <value>
                <![CDATA[public void org.globus.workspace.testing.suites.spotinstances.SingleResourcePoolSISuite.singleRequest() throws java.lang.Exception]]>
              </value>
            </param>
          </params>
        </test-method>
        <test-method status="PASS" signature="springTestContextAfterTestClass()" name="springTestContextAfterTestClass" is-config="true" duration-ms="1" started-at="2014-07-03T19:29:19Z" finished-at="2014-07-03T19:29:19Z">
        </test-method>
        <test-method status="PASS" signature="suiteTeardown()" name="suiteTeardown" is-config="true" duration-ms="18" started-at="2014-07-03T19:29:19Z" finished-at="2014-07-03T19:29:19Z">
        </test-method>
      </class>
    </test>
  </suite>
</testng-results>
