<?xml version="1.0" encoding="UTF-8"?>
<testng-results skipped="0" failed="0" total="4" passed="4">
  <reporter-output>
  </reporter-output>
  <suite name="IdempotentCreationSuite" duration-ms="11661" started-at="2014-07-03T19:18:55Z" finished-at="2014-07-03T19:19:07Z">
    <groups>
    </groups>
    <test name="nimbus" duration-ms="11661" started-at="2014-07-03T19:18:55Z" finished-at="2014-07-03T19:19:07Z">
      <class name="org.globus.workspace.testing.suites.basic.IdempotentCreationSuite">
        <test-method status="PASS" signature="springTestContextBeforeTestClass()" name="springTestContextBeforeTestClass" is-config="true" duration-ms="8" started-at="2014-07-03T19:18:55Z" finished-at="2014-07-03T19:18:55Z">
        </test-method>
        <test-method status="PASS" signature="springTestContextPrepareTestInstance()" name="springTestContextPrepareTestInstance" is-config="true" duration-ms="7139" started-at="2014-07-03T19:18:55Z" finished-at="2014-07-03T19:19:02Z">
        </test-method>
        <test-method status="PASS" signature="springTestContextBeforeTestMethod(java.lang.reflect.Method)" name="springTestContextBeforeTestMethod" is-config="true" duration-ms="110" started-at="2014-07-03T19:19:02Z" finished-at="2014-07-03T19:19:02Z">
          <params>
            <param index="0">
              <value>
                <![CDATA[public void org.globus.workspace.testing.suites.basic.IdempotentCreationSuite.testBasicIdempotency() throws java.lang.Exception]]>
              </value>
            </param>
          </params>
        </test-method>
        <test-method status="PASS" signature="testBasicIdempotency()" name="testBasicIdempotency" duration-ms="1352" started-at="2014-07-03T19:19:02Z" finished-at="2014-07-03T19:19:03Z">
        </test-method>
        <test-method status="PASS" signature="springTestContextAfterTestMethod(java.lang.reflect.Method)" name="springTestContextAfterTestMethod" is-config="true" duration-ms="517" started-at="2014-07-03T19:19:03Z" finished-at="2014-07-03T19:19:04Z">
          <params>
            <param index="0">
              <value>
                <![CDATA[public void org.globus.workspace.testing.suites.basic.IdempotentCreationSuite.testBasicIdempotency() throws java.lang.Exception]]>
              </value>
            </param>
          </params>
        </test-method>
        <test-method status="PASS" signature="springTestContextBeforeTestMethod(java.lang.reflect.Method)" name="springTestContextBeforeTestMethod" is-config="true" duration-ms="960" started-at="2014-07-03T19:19:04Z" finished-at="2014-07-03T19:19:05Z">
          <params>
            <param index="0">
              <value>
                <![CDATA[public void org.globus.workspace.testing.suites.basic.IdempotentCreationSuite.testGroupIdempotency() throws java.lang.Exception]]>
              </value>
            </param>
          </params>
        </test-method>
        <test-method status="PASS" signature="testGroupIdempotency()" name="testGroupIdempotency" duration-ms="96" started-at="2014-07-03T19:19:05Z" finished-at="2014-07-03T19:19:05Z">
        </test-method>
        <test-method status="PASS" signature="springTestContextAfterTestMethod(java.lang.reflect.Method)" name="springTestContextAfterTestMethod" is-config="true" duration-ms="168" started-at="2014-07-03T19:19:05Z" finished-at="2014-07-03T19:19:05Z">
          <params>
            <param index="0">
              <value>
                <![CDATA[public void org.globus.workspace.testing.suites.basic.IdempotentCreationSuite.testGroupIdempotency() throws java.lang.Exception]]>
              </value>
            </param>
          </params>
        </test-method>
        <test-method status="PASS" signature="springTestContextBeforeTestMethod(java.lang.reflect.Method)" name="springTestContextBeforeTestMethod" is-config="true" duration-ms="607" started-at="2014-07-03T19:19:05Z" finished-at="2014-07-03T19:19:06Z">
          <params>
            <param index="0">
              <value>
                <![CDATA[public void org.globus.workspace.testing.suites.basic.IdempotentCreationSuite.testIdempotencyRollback() throws java.lang.Exception]]>
              </value>
            </param>
          </params>
        </test-method>
        <test-method status="PASS" signature="testIdempotencyRollback()" name="testIdempotencyRollback" duration-ms="18" started-at="2014-07-03T19:19:06Z" finished-at="2014-07-03T19:19:06Z">
        </test-method>
        <test-method status="PASS" signature="springTestContextAfterTestMethod(java.lang.reflect.Method)" name="springTestContextAfterTestMethod" is-config="true" duration-ms="97" started-at="2014-07-03T19:19:06Z" finished-at="2014-07-03T19:19:06Z">
          <params>
            <param index="0">
              <value>
                <![CDATA[public void org.globus.workspace.testing.suites.basic.IdempotentCreationSuite.testIdempotencyRollback() throws java.lang.Exception]]>
              </value>
            </param>
          </params>
        </test-method>
        <test-method status="PASS" signature="springTestContextBeforeTestMethod(java.lang.reflect.Method)" name="springTestContextBeforeTestMethod" is-config="true" duration-ms="575" started-at="2014-07-03T19:19:06Z" finished-at="2014-07-03T19:19:07Z">
          <params>
            <param index="0">
              <value>
                <![CDATA[public void org.globus.workspace.testing.suites.basic.IdempotentCreationSuite.testTooLongClientToken() throws java.lang.Exception]]>
              </value>
            </param>
          </params>
        </test-method>
        <test-method status="PASS" signature="testTooLongClientToken()" name="testTooLongClientToken" duration-ms="1" started-at="2014-07-03T19:19:07Z" finished-at="2014-07-03T19:19:07Z">
          <exception class="org.nimbustools.api.services.rm.CreationException">
            <message>
              <![CDATA[The request clientToken must be at most 64 characters]]>
            </message>
            <full-stacktrace>
              <![CDATA[org.nimbustools.api.services.rm.CreationException: The request clientToken must be at most 64 characters
	at org.nimbustools.api.defaults.services.rm.DefaultBasicLegality.checkClientToken(DefaultBasicLegality.java:248)
	at org.nimbustools.api.defaults.services.rm.DefaultBasicLegality.checkCreateRequest(DefaultBasicLegality.java:73)
	at org.globus.workspace.creation.defaults.CreationManagerImpl.create(CreationManagerImpl.java:366)
	at org.globus.workspace.manager.DelegatingManager.create(DelegatingManager.java:244)
	at org.globus.workspace.testing.suites.basic.IdempotentCreationSuite.testTooLongClientToken(IdempotentCreationSuite.java:73)
	at sun.reflect.NativeMethodAccessorImpl.invoke0(Native Method)
	at sun.reflect.NativeMethodAccessorImpl.invoke(NativeMethodAccessorImpl.java:57)
	at sun.reflect.DelegatingMethodAccessorImpl.invoke(DelegatingMethodAccessorImpl.java:43)
	at java.lang.reflect.Method.invoke(Method.java:606)
	at org.testng.internal.MethodInvocationHelper.invokeMethod(MethodInvocationHelper.java:76)
	at org.testng.internal.MethodInvocationHelper$1.runTestMethod(MethodInvocationHelper.java:178)
	at org.springframework.test.context.testng.AbstractTestNGSpringContextTests.run(AbstractTestNGSpringContextTests.java:158)
	at sun.reflect.NativeMethodAccessorImpl.invoke0(Native Method)
	at sun.reflect.NativeMethodAccessorImpl.invoke(NativeMethodAccessorImpl.java:57)
	at sun.reflect.DelegatingMethodAccessorImpl.invoke(DelegatingMethodAccessorImpl.java:43)
	at java.lang.reflect.Method.invoke(Method.java:606)
	at org.testng.internal.MethodInvocationHelper.invokeHookable(MethodInvocationHelper.java:191)
	at org.testng.internal.Invoker.invokeMethod(Invoker.java:666)
	at org.testng.internal.Invoker.invokeTestMethod(Invoker.java:846)
	at org.testng.internal.Invoker.invokeTestMethods(Invoker.java:1170)
	at org.testng.internal.TestMethodWorker.invokeTestMethods(TestMethodWorker.java:125)
	at org.testng.internal.TestMethodWorker.run(TestMethodWorker.java:109)
	at org.testng.TestRunner.runWorkers(TestRunner.java:1147)
	at org.testng.TestRunner.privateRun(TestRunner.java:749)
	at org.testng.TestRunner.run(TestRunner.java:600)
	at org.testng.SuiteRunner.runTest(SuiteRunner.java:317)
	at org.testng.SuiteRunner.runSequentially(SuiteRunner.java:312)
	at org.testng.SuiteRunner.privateRun(SuiteRunner.java:274)
	at org.testng.SuiteRunner.run(SuiteRunner.java:223)
	at org.testng.SuiteRunnerWorker.runSuite(SuiteRunnerWorker.java:52)
	at org.testng.SuiteRunnerWorker.run(SuiteRunnerWorker.java:86)
	at org.testng.TestNG.runSuitesSequentially(TestNG.java:1039)
	at org.testng.TestNG.runSuitesLocally(TestNG.java:964)
	at org.testng.TestNG.run(TestNG.java:900)
	at org.testng.TestNG.privateMain(TestNG.java:1182)
	at org.testng.TestNG.main(TestNG.java:1146)
]]>
            </full-stacktrace>
          </exception>
        </test-method>
        <test-method status="PASS" signature="springTestContextAfterTestMethod(java.lang.reflect.Method)" name="springTestContextAfterTestMethod" is-config="true" duration-ms="1" started-at="2014-07-03T19:19:07Z" finished-at="2014-07-03T19:19:07Z">
          <params>
            <param index="0">
              <value>
                <![CDATA[public void org.globus.workspace.testing.suites.basic.IdempotentCreationSuite.testTooLongClientToken() throws java.lang.Exception]]>
              </value>
            </param>
          </params>
        </test-method>
        <test-method status="PASS" signature="springTestContextAfterTestClass()" name="springTestContextAfterTestClass" is-config="true" duration-ms="0" started-at="2014-07-03T19:19:07Z" finished-at="2014-07-03T19:19:07Z">
        </test-method>
        <test-method status="PASS" signature="suiteTeardown()" name="suiteTeardown" is-config="true" duration-ms="17" started-at="2014-07-03T19:19:07Z" finished-at="2014-07-03T19:19:07Z">
        </test-method>
      </class>
    </test>
  </suite>
</testng-results>
