<?xml version="1.0" encoding="UTF-8"?>
<testng-results skipped="0" failed="0" total="2" passed="2">
  <reporter-output>
  </reporter-output>
  <suite name="BackfillTerminationSuite" duration-ms="44514" started-at="2014-07-03T19:29:21Z" finished-at="2014-07-03T19:30:06Z">
    <groups>
    </groups>
    <test name="nimbus" duration-ms="44514" started-at="2014-07-03T19:29:21Z" finished-at="2014-07-03T19:30:06Z">
      <class name="org.globus.workspace.testing.suites.spotinstances.BackfillTerminationSuite">
        <test-method status="PASS" signature="springTestContextBeforeTestClass()" name="springTestContextBeforeTestClass" is-config="true" duration-ms="7" started-at="2014-07-03T19:29:21Z" finished-at="2014-07-03T19:29:21Z">
        </test-method>
        <test-method status="PASS" signature="springTestContextPrepareTestInstance()" name="springTestContextPrepareTestInstance" is-config="true" duration-ms="6593" started-at="2014-07-03T19:29:21Z" finished-at="2014-07-03T19:29:28Z">
        </test-method>
        <test-method status="PASS" signature="springTestContextBeforeTestMethod(java.lang.reflect.Method)" name="springTestContextBeforeTestMethod" is-config="true" duration-ms="60" started-at="2014-07-03T19:29:28Z" finished-at="2014-07-03T19:29:28Z">
          <params>
            <param index="0">
              <value>
                <![CDATA[public void org.globus.workspace.testing.suites.spotinstances.BackfillTerminationSuite.backfillEventuallyDies() throws java.lang.Exception]]>
              </value>
            </param>
          </params>
        </test-method>
        <test-method status="PASS" signature="backfillEventuallyDies()" name="backfillEventuallyDies" duration-ms="14482" started-at="2014-07-03T19:29:28Z" finished-at="2014-07-03T19:29:42Z">
        </test-method>
        <test-method status="PASS" signature="springTestContextAfterTestMethod(java.lang.reflect.Method)" name="springTestContextAfterTestMethod" is-config="true" duration-ms="343" started-at="2014-07-03T19:29:42Z" finished-at="2014-07-03T19:29:43Z">
          <params>
            <param index="0">
              <value>
                <![CDATA[public void org.globus.workspace.testing.suites.spotinstances.BackfillTerminationSuite.backfillEventuallyDies() throws java.lang.Exception]]>
              </value>
            </param>
          </params>
        </test-method>
        <test-method status="PASS" signature="springTestContextBeforeTestMethod(java.lang.reflect.Method)" name="springTestContextBeforeTestMethod" is-config="true" duration-ms="683" started-at="2014-07-03T19:29:43Z" finished-at="2014-07-03T19:29:43Z">
          <params>
            <param index="0">
              <value>
                <![CDATA[public void org.globus.workspace.testing.suites.spotinstances.BackfillTerminationSuite.backfillWontDie() throws java.lang.Exception]]>
              </value>
            </param>
          </params>
        </test-method>
        <test-method status="PASS" signature="backfillWontDie()" name="backfillWontDie" duration-ms="22210" started-at="2014-07-03T19:29:43Z" finished-at="2014-07-03T19:30:06Z">
        </test-method>
        <test-method status="PASS" signature="springTestContextAfterTestMethod(java.lang.reflect.Method)" name="springTestContextAfterTestMethod" is-config="true" duration-ms="127" started-at="2014-07-03T19:30:06Z" finished-at="2014-07-03T19:30:06Z">
          <params>
            <param index="0">
              <value>
                <![CDATA[public void org.globus.workspace.testing.suites.spotinstances.BackfillTerminationSuite.backfillWontDie() throws java.lang.Exception]]>
              </value>
            </param>
          </params>
        </test-method>
        <test-method status="PASS" signature="springTestContextAfterTestClass()" name="springTestContextAfterTestClass" is-config="true" duration-ms="3" started-at="2014-07-03T19:30:06Z" finished-at="2014-07-03T19:30:06Z">
        </test-method>
        <test-method status="PASS" signature="suiteTeardown()" name="suiteTeardown" is-config="true" duration-ms="16" started-at="2014-07-03T19:30:06Z" finished-at="2014-07-03T19:30:06Z">
        </test-method>
      </class>
    </test>
  </suite>
</testng-results>
