<?xml version="1.0" encoding="UTF-8"?>
<testng-results skipped="0" failed="0" total="2" passed="2">
  <reporter-output>
  </reporter-output>
  <suite name="NodeManagementSuite" duration-ms="8233" started-at="2014-07-03T19:19:23Z" finished-at="2014-07-03T19:19:31Z">
    <groups>
    </groups>
    <test name="nimbus" duration-ms="8233" started-at="2014-07-03T19:19:23Z" finished-at="2014-07-03T19:19:31Z">
      <class name="org.globus.workspace.testing.suites.basic.NodeManagementSuite">
        <test-method status="PASS" signature="springTestContextBeforeTestClass()" name="springTestContextBeforeTestClass" is-config="true" duration-ms="7" started-at="2014-07-03T19:19:23Z" finished-at="2014-07-03T19:19:23Z">
        </test-method>
        <test-method status="PASS" signature="springTestContextPrepareTestInstance()" name="springTestContextPrepareTestInstance" is-config="true" duration-ms="6766" started-at="2014-07-03T19:19:23Z" finished-at="2014-07-03T19:19:30Z">
        </test-method>
        <test-method status="PASS" signature="springTestContextBeforeTestMethod(java.lang.reflect.Method)" name="springTestContextBeforeTestMethod" is-config="true" duration-ms="38" started-at="2014-07-03T19:19:30Z" finished-at="2014-07-03T19:19:30Z">
          <params>
            <param index="0">
              <value>
                <![CDATA[public void org.globus.workspace.testing.suites.basic.NodeManagementSuite.badNetworkMemoryFreed() throws java.lang.Exception]]>
              </value>
            </param>
          </params>
        </test-method>
        <test-method status="PASS" signature="badNetworkMemoryFreed()" name="badNetworkMemoryFreed" duration-ms="41" started-at="2014-07-03T19:19:30Z" finished-at="2014-07-03T19:19:30Z">
        </test-method>
        <test-method status="PASS" signature="springTestContextAfterTestMethod(java.lang.reflect.Method)" name="springTestContextAfterTestMethod" is-config="true" duration-ms="387" started-at="2014-07-03T19:19:30Z" finished-at="2014-07-03T19:19:30Z">
          <params>
            <param index="0">
              <value>
                <![CDATA[public void org.globus.workspace.testing.suites.basic.NodeManagementSuite.badNetworkMemoryFreed() throws java.lang.Exception]]>
              </value>
            </param>
          </params>
        </test-method>
        <test-method status="PASS" signature="springTestContextBeforeTestMethod(java.lang.reflect.Method)" name="springTestContextBeforeTestMethod" is-config="true" duration-ms="802" started-at="2014-07-03T19:19:30Z" finished-at="2014-07-03T19:19:31Z">
          <params>
            <param index="0">
              <value>
                <![CDATA[public void org.globus.workspace.testing.suites.basic.NodeManagementSuite.memoryFreed() throws java.lang.Exception]]>
              </value>
            </param>
          </params>
        </test-method>
        <test-method status="PASS" signature="memoryFreed()" name="memoryFreed" duration-ms="49" started-at="2014-07-03T19:19:31Z" finished-at="2014-07-03T19:19:31Z">
        </test-method>
        <test-method status="PASS" signature="springTestContextAfterTestMethod(java.lang.reflect.Method)" name="springTestContextAfterTestMethod" is-config="true" duration-ms="137" started-at="2014-07-03T19:19:31Z" finished-at="2014-07-03T19:19:31Z">
          <params>
            <param index="0">
              <value>
                <![CDATA[public void org.globus.workspace.testing.suites.basic.NodeManagementSuite.memoryFreed() throws java.lang.Exception]]>
              </value>
            </param>
          </params>
        </test-method>
        <test-method status="PASS" signature="springTestContextAfterTestClass()" name="springTestContextAfterTestClass" is-config="true" duration-ms="0" started-at="2014-07-03T19:19:31Z" finished-at="2014-07-03T19:19:31Z">
        </test-method>
        <test-method status="PASS" signature="suiteTeardown()" name="suiteTeardown" is-config="true" duration-ms="15" started-at="2014-07-03T19:19:31Z" finished-at="2014-07-03T19:19:31Z">
        </test-method>
      </class>
    </test>
  </suite>
</testng-results>
