<?xml version="1.0" encoding="UTF-8"?>
<testng-results skipped="0" failed="0" total="1" passed="1">
  <reporter-output>
  </reporter-output>
  <suite name="SimplestSISuite" duration-ms="12495" started-at="2014-07-03T19:24:10Z" finished-at="2014-07-03T19:24:23Z">
    <groups>
    </groups>
    <test name="nimbus" duration-ms="12495" started-at="2014-07-03T19:24:10Z" finished-at="2014-07-03T19:24:23Z">
      <class name="org.globus.workspace.testing.suites.spotinstances.SimplestSISuite">
        <test-method status="PASS" signature="springTestContextBeforeTestClass()" name="springTestContextBeforeTestClass" is-config="true" duration-ms="7" started-at="2014-07-03T19:24:10Z" finished-at="2014-07-03T19:24:10Z">
        </test-method>
        <test-method status="PASS" signature="springTestContextPrepareTestInstance()" name="springTestContextPrepareTestInstance" is-config="true" duration-ms="6578" started-at="2014-07-03T19:24:10Z" finished-at="2014-07-03T19:24:17Z">
        </test-method>
        <test-method status="PASS" signature="springTestContextBeforeTestMethod(java.lang.reflect.Method)" name="springTestContextBeforeTestMethod" is-config="true" duration-ms="58" started-at="2014-07-03T19:24:17Z" finished-at="2014-07-03T19:24:17Z">
          <params>
            <param index="0">
              <value>
                <![CDATA[public void org.globus.workspace.testing.suites.spotinstances.SimplestSISuite.singleInstancePreemption() throws java.lang.Exception]]>
              </value>
            </param>
          </params>
        </test-method>
        <test-method status="PASS" signature="singleInstancePreemption()" name="singleInstancePreemption" duration-ms="5423" started-at="2014-07-03T19:24:17Z" finished-at="2014-07-03T19:24:22Z">
        </test-method>
        <test-method status="PASS" signature="springTestContextAfterTestMethod(java.lang.reflect.Method)" name="springTestContextAfterTestMethod" is-config="true" duration-ms="422" started-at="2014-07-03T19:24:22Z" finished-at="2014-07-03T19:24:23Z">
          <params>
            <param index="0">
              <value>
                <![CDATA[public void org.globus.workspace.testing.suites.spotinstances.SimplestSISuite.singleInstancePreemption() throws java.lang.Exception]]>
              </value>
            </param>
          </params>
        </test-method>
        <test-method status="PASS" signature="springTestContextAfterTestClass()" name="springTestContextAfterTestClass" is-config="true" duration-ms="1" started-at="2014-07-03T19:24:23Z" finished-at="2014-07-03T19:24:23Z">
        </test-method>
        <test-method status="PASS" signature="suiteTeardown()" name="suiteTeardown" is-config="true" duration-ms="19" started-at="2014-07-03T19:24:23Z" finished-at="2014-07-03T19:24:23Z">
        </test-method>
      </class>
    </test>
  </suite>
</testng-results>
